amenity's
Utrecht's
refreshers
pilgrims
anthropoid's
crimps
Ginger's
cabanas
frisks
campfires
exhilarates
constitutes
omnivores
penetrative
propel
pagination
shirred
objector
inconsiderate
bonding
PMS's
neologism
backspaced
streamlines
plight's
representational
hummock
astringency
diffused
Tasha
sleepwalk
yogin
acoustically
faints
housetop
Adolph's
besots
impregnates
journalistic
lummox
malnourished
wedlock
milling
suburb
compacter
sappy
ministerial
demobilizes
Sopwith
internist
vase
demography
isolation
tandem
chunk
Hindenburg
homage's
shrimp's
phrases
lobed
rebounds
humanity
décolleté
downtrodden
charwoman
pickaback's
sparkle's
spiking
launderer
copycats
phonies
Thais
Vernon
rescinding
disfranchised
dimple's
utterance's
net
semiweeklies
nearest
perpetrator
Eddington
hallucinogenic's
Willy's
Charlottetown
replace
lameness
hasheesh's
journeyed
roundelay's
letdowns
nonhazardous
fondled
billowy
stage's
Burger's
underachiever's
corncob
circulatory
raucousness
