socialist
emerald
Sharlene
critic
gawks
ascetics
trousseaus
armed
dramatizations
strategist's
Basel's
oscilloscopes
McConnell
instep
ravishment's
anthropocentric
dissuasion's
uncommoner
debarking
piing
vacuuming
mass
flickers
stereotypes
silhouettes
waffle's
revered
punker
doe's
rectification's
confiding
equivocated
tins
watersides
Masefield
benched
glorious
unfailing
librettos
Tricia
Yalta
clavichords
remake's
Kathryn's
prescribe
sigh's
dreariest
Ch'in
tread's
heckles
serest
Savonarola
engine
mint's
jigger
misconception's
laureates
ratification
fuddles
cicada's
resonantly
hormone's
badgering
energizer's
conjunctivitis's
waterworks
cottonseed's
certificating
shockproof
hypnotic's
grouses
nonscheduled
copyrighted
antidotes
sprinkler's
screenwriter
naturalism's
Dillard's
churchman
speaks
vivider
Margie's
Adhara
broiling
trainee's
worded
ewe's
resin
fortes
stripteases
Goering
thereon
drowsed
upcountry
snacks
grainiest
assume
taffeta's
layaway
hippie
