humaneness's
snort's
flairs
hew
conformance
niceness
dissimulating
derrière
furthers
tomahawk
Colette
throwing
misplay's
peeped
systemics
sentimentally
flavoring's
writhing
aqueducts
Grimes
wrapping
mileages
Hittite
diets
skid's
factionalism's
contender's
slangiest
winches
provocations
armadillo
cantilevered
upstages
magnanimity's
kowtows
disproof
axis's
interring
operate
gallivanted
deface
Kelvin
abided
nonmalignant
definition
demographics's
handicap
inebriated
Winthrop's
shard
outspread
Berliner's
tabs
straightest
SE's
Eliza's
napalmed
captures
poppies
shallot's
shaykh's
hick's
mellow
dictum
melodrama's
Drake
galena's
Beatles
anchoring
Abe
Carrier
cocaine's
treatable
resettle
tyrannizes
pooping
acrobat's
Charlene
Fotomat
bivalve's
Icahn
Amoco
shortages
disbursing
trenches
Av's
reflective
HSBC
jamming
Uzi
buckskin's
trailed
vibrator's
dimwits
selvage's
spoonsful
muscular
Hill
clunky
shlep's
