barbells
multiplying
freezes
sizzling
letterhead's
unleashed
glummest
pundit's
Pound
penitentiary
knottiest
curlicue's
independently
Pedro's
outsized
Schwarzkopf's
reassembling
sucks
hardeners
cynosure
foreshortening
revilers
baits
Armenians
scrimshawing
actuaries
outvoting
mediating
hints
superpower's
repainted
classes
Korean
Caitlin
windjammer's
genetics's
fourteens
blot
housekeeper's
unconcern
dollops
subdividing
slums
Simenon's
humankind's
contaminates
docudrama's
flub's
devotionals
quadriceps's
Rickey's
mutations
operands
rectors
happenstance
Brahmaputra's
Salinas
concertos
amebas
lankiness
spacemen
nauseate
almond
unwillingly
Rubaiyat's
Springsteen's
collar
fetlocks
muskellunge
improvised
slicer
slaw
reproachful
communicate
intermarry
sanity's
hyperbolas
whirls
cynical
musicologist
enactment
minibuses
enshrouded
falsetto
panelling's
undersigned's
small's
extricated
despot
decimals
rucksacks
implant's
badness
Misty's
catchphrase
pertly
geed
Spartacus
blow
dialogue's
