discountenancing
realign
decolonization
miserliness
furred
operettas
sifting
curtailment's
sternum
Lourdes
Alembert's
dialogues
frank
choosiest
portal
Boreas's
birdwatchers
troupe
egghead's
prairie's
escape
specifications
masticates
palmier
Shelia
Whiteley
thresh's
madcap's
uppercut's
domesticating
subcompact
calipering
tabernacle
elaborating
pursing
Bridgeport
carpenter
recent
indeterminate
anthracite's
Henderson's
livability
unification's
Southeasts
checkpoints
ram's
strategy
Erna's
judgmental
mournful
Michelin
gadget's
incantations
desktop's
radium
redeemers
teazle
potsherd
hypocrisy's
repatriation
mazurka
freighters
mazourkas
heaving
variant
sleepwear's
clubbed
ipecac's
filling
crinkles
reasserts
pragmatic's
bedraggled
lovers
shorelines
curlew
traduced
sanity's
gentiles
centaurs
evasive
Ariz
smuggles
Weeks
deteriorate
commodore
iamb's
honeymoons
crutch
Shostakovitch's
deplaning
diatom
cleavage's
Naphtali
choices
scandal's
Dionysus's
impolite
dateline's
ketchup's
