promontories
loincloth's
geneticist's
Roberta
buttress
units
sissy
cells
London
individualists
slathers
kidnaper's
recollects
mouser
cabin
resoluteness's
Nelly
Grady's
lessens
loops
panelling's
Turks
reiterates
invalidates
Maalox's
Kenya
warmly
oldies
lid's
rink's
Indra's
tenons
AB's
antiquates
honeys
odyssey
afraid
frankness's
resourcefully
love
irascibility
seersucker's
gruffness
Ge
void
Saladin
facility
haunch
fond
Holstein
Rae's
numerating
supermen
flagpoles
finders
retailer
garnish's
arcked
Koppel's
faraway
Nyerere
robuster
Maugham
Tass
career's
profanation
railed
symbol's
laddie
welt
forestation
Colombo
propounded
whatnot's
embankment
rue's
ellipsis's
Sicilians
firmed
toadstool
patch's
renascences
headband
Qom's
spins
insurgent
fetters
Ina's
ageless
Candice
matriarchs
poppies
firstborn
manhandling
Noyes's
Mavis
sprayed
infantile
abdicated
disarrayed
