guts
lottery
workman's
Belarus's
fuddle
Ticketmaster
alternates
homeowners
beloved
homepage
pined
malted's
limpid
inflexibility's
magnet
conveyer
Mullen
wasteful
shanty
competition's
percentage's
diagnosis
kneads
castigating
Panasonic's
banshee
Fez
judges
checkmates
commonwealth
deluge's
jittery
Chi
BA's
spryness
hempen
Absalom
flours
chew's
infix
rib's
emerald's
swathe's
flaunting
indulgence's
strenuous
elaboration
bought
detractor
yearning's
flummox
Brandie's
pluralism's
tries
Diane
connectives
gnawn
Cronkite
stutterer
lackey
paratroops's
taskmaster
odor's
whereupon
malignant
huntresses
pecked
aquaplaned
cilia
snoozes
abstainer's
Seminole's
wherever
gunfight
rabbis
winsomer
betrothal
jaws
susceptibility
housebreaks
Olenek's
juicer's
loutish
calibrators
portmanteau's
lecher
goatee
effectiveness
gluing
congruence
depressant's
algorithmic
Dina's
ducat
Good
cottonwoods
Jewish
condescended
tattling
deliveries
