belabored
Numbers
Barrera
outranking
airplane's
legalizing
blabbermouth
synchronization
grub's
obsoletes
buttermilk
Hartline
Wilma's
hibernation's
Princeton
knitters
indigestion
sifts
disrobed
lucrative
Michiganders
snorkelers
Muscovy's
stolider
jardinière's
pastorals
burnoose
uncouples
graphs
stalagmite
ogle
forearms
Huxley
lisps
shebangs
fluoridation's
Nichols
complacence's
hinge
saunters
kneel
squeamishness's
Bragg
rebroadcasted
constitutional
Kristina
terrains
buttresses
presumption's
Eva's
innovators
standardize
shantytowns
straitens
dully
carjackers
absinth's
myna
omnibus
volubly
postpones
ovens
electronics's
imprudent
Oriya
entirety
raillery's
inspectors
carjacker
pickpocket's
exchequer's
producer's
sandpapers
disparagement
helping's
renumber
large
drainage
cutbacks
conniver's
bur
nearness
cloistered
bill's
woody's
Chopra's
arts
flaming
yeshivahs
acrylic's
occult
Ramadans
horrible
new
racked
seismologist
gerbils
standardization's
coax
impresarios
