demoralizing
appended
wino's
maelstrom's
allies
Benares
proudest
Procrustes's
ageism's
Managua
pennon
Cantabrigian's
scrubby
biggie's
ventilation
diameter's
hexadecimal
dissenter
Mach
Pole's
muskmelons
farcical
probabilities
ankle's
pierces
paltriness's
Esperanza's
Donne's
advertises
acidity
belle's
chained
Yvette
Erika's
suffixing
collocates
windjammer
mildness
landlubber
formaldehyde
existence
hosteled
shunted
decongestant's
rattrap
smooths
mystique
modulate
Joni's
laypeople
swigged
deciduous
aery's
poser
aneurysm's
cookbook's
portability's
redevelops
Nicolas
ends
Syriac
pharaoh
vaudeville's
Kevorkian's
piker's
changes
teakettle's
crosscheck's
imply
relenting
roué's
repose's
ipecac's
excretion
text's
drunkards
shamefulness's
purled
Nevsky's
send
spoilsport's
ketch's
shifty
bath
foal
caretakers
conjugation
economize
sabbaticals
rankness's
ordaining
Minamoto's
nebula's
Yangtze
bittern
douse
mythology's
retrorocket
bend's
inane
