counterproductive
triter
appendage's
Prudence's
airmailed
Eloy's
loathe
paradise's
detonating
tossup's
cull
pompom
coupon
assembling
pies
grubstake's
Cognac's
phony
pirouette
portrayal
guaranteed
dispersal
Cunningham
improprieties
moonshots
unseasonable
figurative
canoeist
Alleghenies
turtles
backbite
consigning
outcry
moldy
dribbled
fleet's
assizes
locusts
enema's
strumpets
towelled
lariat's
tranquilly
bums
stows
recluses
endeavor's
tote
pauperizing
tyrannosaur
McCoy
energizer's
Bradshaw
physiotherapists
fanciful
omelets
Bettie's
overestimating
smouldered
erases
fluster's
excitable
spaying
prism
sandwich
squeak's
silencer
dressage
hectoring
Marion's
yuletide
shopkeeper
palest
mosses
neutralizer
solemnest
Andrea's
troth's
abused
pilgrimage's
conductivity's
Costco
induct
stances
general's
expressing
Delmarva's
larboard's
foreshadowing
innocuously
autograph
investigate
Guadalupe's
Sheol
dishpan
cortex's
bevy's
murky
blackballed
warehousing
