Mayra's
eglantine's
engine
quorum's
blueprinting
Salisbury
milkmen
rafter's
revolving
Craft's
modify
frontiersman
connection
buffering
spelunker's
cemeteries
strum
executrixes
fluency
Koizumi's
bursitis
apparently
demagogy
lifetimes
lowbrow's
runaway's
Birdseye
Limousin's
embolism
leftist
book's
seniority's
previously
Mickey
vaporization's
chipmunk's
plackets
commiserating
wusses
policewoman
illustrative
ribbon
sabotaged
sapling's
boogied
Arturo's
trunking
decriminalizing
disappointments
slip's
Mormonism
eggshell's
gneiss's
misspending
ceremonious
segregating
reexamine
reprehended
classed
eggs
demagnetizing
verbose
bunging
middle
busts
eschatology
mordants
Pius
processionals
slacked
tranquility
nightmares
relish's
sideburns's
mushier
detection
focal
overpass's
criminologist
inveigh
koshering
chunk
posy
Logan
caveats
braving
erratic
Malabar
Kinsey
tragedians
mechanical
plaint
sardine's
recombined
Karroo
stovepipes
smolders
windbreak
pass
krone
