Darcy
deprogrammed
Eakins
livability
Ute
outstay
bobby
sleaze
colon's
Rosenberg
result's
stretcher's
plighted
issues
payday
incorporating
nonfat
denied
caw
handset
oleomargarine's
Motrin
taxable
niche
espousal's
extradite
straggled
summed
greenness's
obverse
gayest
voting
impromptu
Gullah
Michigander
thatch
backpack
Descartes
gibe's
knitwear
overambitious
interfaces
vouchsafed
verandas
grumbler
totem
vivaciously
scimitars
ornament
Mead
ilks
Malacca
rape
Eyck
meadows
cocksucker's
Emmett
mopping
suture
turves
direr
beatings
liquidity
sowing
populaces
beautify
adviser
procrastinating
Rosicrucian
allotted
rubberier
inconsolable
expends
Bjerknes
mainsail's
sanctuaries
bighorn
snowballing
Barbary's
paeans
Wycherley's
Huggins
undesirable
Lorna's
curtly
chapter
cardsharp's
basest
tackler
flatbed's
conservative's
scholar
suits
splitting's
feeling's
Iapetus's
wriggle
psychobabble
redirected
bidirectional
