trapshooting
cherub
judgment's
pitch's
aims
manipulating
prankster's
zombie's
jukebox
imbibes
artistically
Hollerith's
clamors
Hilda's
discreet
Durex's
tune's
dictums
influenza's
accedes
orchestrate
vibrato
permutes
Mahayana
chow
everlasting's
Montesquieu
transducer
Cajun's
socialistic
destructed
complainants
snows
Haiphong
invoicing
tribes
stumble's
debauching
canopy
lecithin
Theseus
counsels
planner's
film's
Osaka
oral
Lombardi
Choctaw
Muzak
stockade's
hearing's
loathsomeness's
gingivitis's
bigwig's
warmers
mischance
ballplayer
cupfuls
waster's
laxness
Dobbin's
neighs
invert's
revocation's
Hoosier
effervesces
envision
subsidy's
shifty
Kaunas's
summaries
PowerPoint
mouse's
tussles
terrain's
devout
centralization's
tempura
grandstanded
deviltry's
incubi
hose
Pareto
dorks
zap's
Yucatan
Hawkins
respects
sweetie
partners
scalloping
dotted
beat's
miscalculations
depopulated
Morton's
corralled
swabbed
libretti
battled
