teletypes
Craft's
testis
fidgeted
arbitrated
aesthete
oceans
Scopes's
peg's
brass's
sector's
indeterminable
Macintosh
establishment's
sari's
Cairo's
meres
deliberates
dragging
M
Axum
theoreticians
waterspout's
wormhole's
proud
hygrometer
arborvitae's
capsules
watchdog's
Mo's
caducei
filtrated
unbearable
Leland's
evaporation
physics
filches
cattle
headwords
inboard
Tuscarora's
ginkgo's
ails
remotes
connoisseur
mangroves
patrolwoman
Daryl's
Estonian
verdicts
encamp
Beverly
evaluation's
fifes
bridle's
authenticates
checker
Wilde
poison's
commentary
ascensions
validness's
Elisa
gnomes
Yeats's
reigns
Tennessee
librarians
countenancing
flay
Ru
glockenspiel
gaunt
meteorologist's
poet
that's
countersank
agonized
Alissa
recitations
resilience
wheeler
unsolved
morons
Mennen
précised
coven's
retentiveness
kingpins
secularize
misrules
restored
presupposition
personals
detectors
adjudication
effaces
Ellis
barbarously
cacao's
