malformation
gangland's
deterrence
standout's
workloads
splashiest
Eiffel
healthiness
albs
outburst's
Pisa
satirists
outfox
Armonk's
labels
pigskin
crabbiness
justified
warier
moisturized
blankly
masterpieces
agreement
pilau
odd
dorkiest
peculiarities
increasingly
clamminess
spotless
Valentin
rumination's
sequined
gasping
limiting
lesser
Hays
beloved's
jawing
wearer
hubbub's
lamer
begone
chuck's
lathes
unionization
eased
namesakes
headwaiters
rivulets
scurfiest
limelight
angora's
weak
sandbags
garnish's
entity's
lightninged
justness's
governs
dyke
stealthy
computation's
resolutions
Brasilia's
crab
therapist's
stuccoed
underwrote
overlords
abates
helpmeet
oaks
chloride
blog
carillons
gastronomy
stowaways
belittles
topside's
truce
elucidate
debunking
Nagpur
strangulates
cycled
cols
drenching
eaglet's
glossy
Lufthansa
extravaganza
rhapsodized
enrolment's
bogie's
foggier
gallops
threshold
juniper
menially
