tabs
panickier
dusts
alternately
upraised
blatantly
cheesy
taunting
overgrowth's
marvel's
crapes
Marines
Wednesday's
haloed
felting
daguerreotype
telepathically
liquor's
Erik's
anachronism's
overreacting
block's
priviest
tentatively
Bavaria
splay
attainable
periodical
unearthed
cheerfullest
Hf
pistachios
fazes
sclerosis
gentlemen
dictatorial
snarled
efficient
Memling
fastening's
flan
wags
mayfly
smoking's
try
garrulousness
curlicue
Peg's
archaically
confederacy's
nonpareils
duplicator's
clambake
Bertillon's
pottiest
bafflement
polonium
rebinds
arrangements
scants
Afghanistan
amalgamating
slumps
centralization's
mosey
mocks
Terkel's
Portuguese
malevolently
spawn's
windmilled
baptism's
parameciums
hastens
stockaded
wildcatted
Szechuan
swellheaded
famous
casualty's
proximity's
future
layers
leotard
fibula's
fuzzy
masterminds
Celtic's
Jocasta
torso's
Sargon's
pigs
Finnish's
niter's
bootlegger
trawlers
vociferated
nonabrasive
devastation's
Aden's
