buckeye
stumpy
artful
asylum's
salver's
jitney
plugins
dinky
harmonization
closeness
apiaries
Nagpur
frolic
deformation's
precocious
jackpot's
Oriental
prop
medicals
amour
shutterbug's
protractor's
thimblefuls
frostbites
quid's
councilwoman's
Iliad
devaluations
rarefied
deafens
Uccello's
gourmets
eternity
Lents
depleting
vases
box's
detached
livability
freehold
periodic
noticeboard
pasteurizes
comported
pregnancy
pathetically
Kentuckians
conquered
Missouri
dadoes
Descartes's
kindhearted
northeastern
investigating
vagaries
pedagogues
abjectly
mercury's
totting
chorus's
destroying
hemophilia
hooraying
shittier
Alphonso's
Horne's
interview's
incisiveness's
certificating
visibility
nighttime
tender
boilings
poacher's
wreath
terabyte
suspicious
bandolier
tactlessness's
collector
brained
roaring's
tenors
renewable
curacy's
hasheesh's
smashes
sparer
cottonwoods
reorganizes
Henry
Kiowa
whisper's
doling
effete
temptation
juiciness's
inhabited
alliterative
Qumran
