carbonate
zincs
constabulary's
scone
organizers
steadfastness's
unruffled
infringes
deafening
raffish
ambassadorships
Eratosthenes
inseparables
footfall's
Queensland's
clerk's
twirled
hornet
immersion's
snowplow
industrial
behold
annotating
intertwining
Brandt
hued
turbojet's
Correggio
rearmost
Murine
conflict's
profanities
weighty
purebred
menswear's
raillery
Alhena's
embroideries
Oriya's
stagnates
unwariness
Essie's
truism's
fevers
boondoggle's
Vega's
Christmas
dweeb
wallaby's
surprisings
drownings
muggiest
sophisticate
geld
dado
warehouse
overbite
homesickness's
parings
Frobisher
attains
realm
span's
symbolism
overambitious
hips
Acropolis
colorblind
Cicero's
lummoxes
Almaty
mortising
deodorizes
maples
ermines
tallies
descendents
exhalations
aniseed's
heifer
Oreo
butchered
phases
ballooned
Nolan
caplet's
humbleness's
lady
endears
semaphored
rescuing
Myron
opposite's
gearbox
definiteness's
overzealous
disenchants
Motown
address's
Mamie
