Thrace's
poesy
mammograms
Poole's
localization's
centennials
determinant
Rabat
ides
Satanist's
menacing
tonnage's
Hera's
enjoyed
piker's
germinate
cent
repetitious
catalog
lunchbox
heavenliest
masculines
upholsterer's
rebutting
Gutierrez's
ankle
socialite
petals
gamer
Golden
Hoyle
chaired
Walgreen's
triply
greases
feasted
Ouija
pictograph
vindictively
Bert's
lecturer's
cursor's
unpleasantly
brownie's
muleteers
simple
subplots
Kay
anagram
obscurities
collocation
prominence's
Bisquick
paymasters
mash
shipboards
uncannier
numerous
matriculate
landfall
pokes
Muhammad's
retort's
rocked
abominably
city's
crosiers
boogie's
rugs
macadam
pecan
affectations
transducer
congealed
beastlier
alto
overwhelmed
Peel's
semiprofessionals
backhoe
scriptwriter's
noiselessness
straightjacket
fretfully
chignon
monotone
egging
pugilist
basso
misidentifies
Cline
Americanisms
stewarded
Dnieper
boardwalks
seethe
greenery
Herero
mescals
shameful
