Berber's
noodle
exodus
lugubriously
intensive's
demote
rumple
latitudes
perforation's
kohlrabi's
Lucinda's
poorly
matriculating
phonograph
perfuming
sugarcoating
Communion's
overachieve
Custer
Qaddafi
ostensible
portrayals
rear
fidgety
hundredfold
saki's
lyrical
encampment's
Troy
yachted
Catawba's
extends
Mandalay's
castanets
bazaars
economizing
adulteration's
grandfathered
themes
opulence's
courier's
downers
Isaac
spec's
asceticism's
mobile
jounces
eave's
Byers
carves
ocarina
messily
takeout
originators
clergywoman
breakfast's
Johnathan's
weeds
landfill
Gamow's
bibles
weeping
chervil's
cindered
fiancés
competitiveness's
contrail's
Innocent
fleck
Itasca's
jumble's
inamorata
geek
lost
bluebell
blearily
tarragons
dizziest
spook's
condor's
McKenzie
Uganda
parameter
enormously
spores
putrescent
waxes
compositors
tackler's
ballerina
speared
emaciated
bail's
disappearances
topknot
intersections
goatee's
ruminate
making's
ground's
