mangier
Nicklaus
transept
turnpike's
sidewalk's
stingray's
Bronx's
moldiness's
vintners
arrays
civvies
ingredients
sinecure
varnishes
Humvee
ovulation's
Andrews
contravention
beastly
engineers
Jersey's
underachieving
nosiest
gentling
ossify
puzzlers
manège
abode
electrodynamics
ageing
pyres
loveless
unconventionally
Kashmir's
reportedly
misreads
adjust
Honda's
jetting
tungsten
bounce
lingo
penetrates
Giselle
flammables
injection
swigged
reprogramed
whales
wrongest
oils
contentedness's
scampi's
marbling's
Narmada's
underlying
insouciant
loco
encamping
continuity's
bookstore's
flambé
beeline
presentiment's
separatist
fascist
Gompers
shabbiness's
adjudication's
catalpa
carillon's
lengthwise
Pilates
Tevet's
senseless
ransacked
upperclassman's
trusty
chatterbox
miasma
plays
batches
consciously
inaccuracies
Fuentes
Olav
Cunningham
restauranteur
Ojibwa's
epistle's
Englishman
polities
overseas
impressing
vivace
sextons
fumbled
mankind's
ostracize
outfitter's
