shortfalls
yup
minefields
fomented
articulation's
internists
thins
rain
impersonations
Sisyphus's
facades
Desiree's
whitecap
satellite's
centaurs
stairway's
greenback
undaunted
motocross's
decoying
commissars
boyishness's
voluntary
Kohl
washbasin
Ginny
lowest
inappropriately
reassessments
agnosticism
slaver's
sugared
drunken
Quaker
miscue
maltreat
conceptualizations
think
rebounds
Watusi
cretin
Rudolph
Campanella
Michelangelo
Woolworth
enormously
Pasteur
subpoena
slalom
microchip
herpes
lotion's
Copacabana
clamored
controllers
O
pedestrian's
Nicene
courtyard
comporting
titillation's
Heriberto's
princes
faggots
bonitoes
Nazi
apprehend
catalyst
Mayflower's
alliterations
overpriced
radicalism
Monterrey
conduit's
grope
unsnaps
static
nous
Stonehenge
cloister's
carpeted
reconvenes
consonant's
sinker
passageway
loudspeakers
carpentering
hypocrisies
tentacles
nickel
Fukuoka's
Styx's
goggled
offload
Clorets's
wooed
mummery's
entrails's
shantytown
platefuls
