Gilbert
toneless
hump's
cheated
tabooed
mosque's
windowed
sniff
pro
neologism's
spook's
litterbug
Chattahoochee's
horsemanship's
doodad
diuretic's
dibble
Magritte
watchful
judgments
contrapuntal
womb's
Walesa
tip's
ems
discarding
paradoxical
abashed
liners
catcalling
sunsets
oxymorons
Danny's
rainstorm's
invalid's
familiarized
fray
aspic
cassino
heresy
harvesters
hypocritically
affirming
coifed
accession's
twined
Effie
henna
chloroformed
dreadfully
decathlons
interprets
glee's
Paramount
rectum's
tufting
evading
boned
goalkeeper's
imaginations
spouted
therapy's
ironed
deadlier
forte's
auctions
collocations
focus
duel's
Nevada's
charwoman
wreck's
shoring
Robin
gigglers
sublimation
saucing
progresses
bloodstream
Coolidge's
rally
slam's
outsiders
studentship
frenetically
isotope's
sackcloth
Polynesia's
Haney's
platforms
sheepishness's
adherence's
latest's
chewers
uncork
eczema's
extroverted
revel's
twenties
intrusted
