specious
deescalates
Aquafresh's
Dewar's
strongholds
walrus
prophetically
falsetto's
pentathlon's
hoodooing
stickler
arthritic
enrollment
Antigone's
bookstore
Winthrop
grownup's
southerly's
phantasy's
furrowing
bails
demobilizes
miniature
chunkiness's
feasibly
distillation's
Rhineland
order's
gristliest
baptist
stringed
instruction's
trident's
doohickey
tuckering
angers
folks
carbon
says
huffier
causeways
thousandth's
shuteye's
sociopath
interception's
Alvaro
nonrefundable
Maghreb's
barricade's
telephony
atheism
valleys
toyed
stroking
bedazzling
misdemeanor's
tunnies
antipodes's
binomial's
Fed
downplayed
profoundest
Englishwomen
ghoul's
inflicts
cusps
Snapple
Byzantium's
hyaena
dashikis
ooze's
dreaded
amoeba's
hermitage
legmen
reprisal's
blossomed
bandages
Limpopo's
intercept
rummer
Hungarian's
stage's
strops
Farrow's
infinitive
autocratic
accommodating
mixture's
Sèvres
granddad's
corners
shined
sanguine
purebreds
dejecting
Baywatch
Caitlin
Olin's
slurp
