remedy's
apprehended
corpulent
chatterbox's
scold
choked
backdrop
updraft
pontificate's
regimen
brads
bald
gain
biography's
seal's
acacias
sucker
virtues
H's
noiseless
microfiche's
turpentine's
whirlpool's
rob
projectionists
certainties
elasticity
stripteased
lark
q
pilaff's
publisher
sobered
astounding
Scotchman's
rotisserie
southpaw
breading
crowning
ignoramus's
metamorphoses
bathmats
Chippewa's
smacks
iota's
psychoanalysts
hypochondria
workingman
interpretation's
thatch
buff's
harden
superabundance
lissom
swatting
maharajah's
mosey
Monsanto's
linkups
grassland
colludes
mystify
anchorwomen
unprompted
Eurydice
incompatible's
sampled
oppressor
modernization
politest
counteroffer
dismounted
descriptions
fashion's
Bali
basses
Basseterre's
southeastern
Katina
Teresa's
insurgencies
décolleté
alining
endowment's
safeguards
Krishnamurti's
Heine
fuel
thermionic
souse's
thorough
denigrate
partaking
Hendricks
nearby
backrest
coquetting
Purims
Verdun
allover
