pediatrists
conduct's
suspicion
diagonal's
marketplace's
hilts
Matt
tipper's
pragmatism
sanctify
colonials
annual
Moslem
bluebottle's
reconvening
engravers
crackup
earthenware
Mobutu's
Efren
perilous
confiscation's
armor
Balder's
Florida
privatization
whilst
cosmopolitan's
lemming
Alberta
homily's
rathskellers
chloride's
Svengali
Head's
organisms
conduits
patinae
Zane
indisposition's
telephony
cracking
inaccessibility
mildness's
imprimaturs
bayou's
Itaipu's
titanic
pinkeye
infuriating
yodelers
Martel
Doubleday
origination's
breaker
lure
Fairbanks
Argonaut's
Holst
slowed
Sean
litigiousness's
alert
atoned
Allison
toddling
cassock
turds
theft's
unreasonably
bass
Arno
confusedly
Rice
Pearlie
Huey's
twitched
catalpa
perihelions
superintend
Harding
stoppable
criterion
berg's
tranquility's
crested
medicating
errands
Assyria
yield's
calling's
crankiest
faxing
Wezen's
roaring's
lanyard's
retrofit
Linus's
punctures
hemisphere's
