chaser's
mathematics's
Seiko's
yack
supercilious
Shane
beneath
contributors
outplayed
subsystem
dominance's
Carboniferous's
Nosferatu's
Vitus's
paschal
astern
buttery's
bicker
spoilsports
tawnier
ionizing
Leopold
SC's
Rose's
charity's
flammability
astrologers
Algerian
briefs
cello's
Jagiellon's
unbuckles
congruity's
stuffier
duellists
Ferrell
withers
gerbil's
beneficial
Terri
necklaces
incident's
invalidity's
phoenix
gap's
kneed
Romans
caviar
superintendence's
reimbursement
wherefore's
gratuity
exigencies
brainwash
nurseries
Whirlpool's
persisting
monosyllable's
costs
disgorges
puddings
RV's
sidelining
lease
coequal's
gadgets
complexion
conciliating
prelate's
repossession's
himself
creaking
selecting
forewords
trekked
fix
inflamed
grenadier
mastiffs
spender's
Brittney's
drying
dislocating
undulations
interruption's
goad's
construct's
dinettes
Vila's
oviducts
predetermining
mocha's
dearly
wagoners
declassify
orthodox
appointments
Kongo's
bodkin's
consecrated
