plebeian
Montpelier's
flippancy
obtuseness
stabilizing
gristle's
tangerine
slaphappier
scripting
workmanship's
sustains
diking
Byers
creep
teazle's
morbidity
Castillo's
mollified
quarters
wearying
Cecile's
Guadalcanal's
Nobelist's
Rosalyn
Tussaud
Bede
grasshopper's
consultation
shillings
humidified
ganglion's
ammonia
stoplights
Mr
scimitar
AZ's
courthouse
noticeboards
compensation
saltcellars
promote
least's
surveyed
trimester
frostbite's
supplants
Buford
unreadiest
beliefs
quarterdeck's
Joey's
gentles
comfort
alimony
abbess
grits
Bergman
yodelers
width's
ornateness
Firefox's
Morita
deliver
lavatory
detesting
grammarian's
Fox's
geologic
penetration
digits
exists
creepier
ultramarine's
spatters
sweet
feisty
gunsmith
liquor's
rangy
countless
patronymics
iterating
spade
contemporaneously
cohered
crumbling
level's
inquest's
unwinding
clouts
tribute
giddier
scandal
maddening
jogger
soliloquies
transcribing
dryer
millstone
radiology
