ballerina
kenneling
brat's
lighters
persistence
manslaughter's
homeyness
contemporary's
prudishly
Creator
otherworldly
easel's
Debbie
Gypsies
triathlon
Joliet
cessions
hollered
aggregating
Gacrux's
pyramid's
real's
dramatizing
snippets
blade's
firearm
harangue's
taciturn
Hohhot's
grammatical
annihilators
kilobytes
draw
tooling
Zanzibar
teapots
cockiness
geometrically
telegraph's
nonliving
pornography
embezzlement
arable
Shepherd's
unmakes
squareness's
mystifies
boutonnières
tournament's
humbling
engrosses
swamping
characterized
Pôrto's
lofts
piper's
seminaries
funk's
Plexiglas's
humans
Prius
kerosene
symbolization
Sheldon
unworldly
boxers
affiliated
luminescent
lookouts
affably
chaffed
sprung
paychecks
Trippe
Zelig
victualing
philosophize
hustler's
typewriter
vomiting
gap's
ingredient
upbeats
observatories
overshot
photons
swampier
overweening
decolonizing
Wagnerian
redwoods
defect
interviewers
bookends
drizzlier
Spiro
zebra
distinctly
opts
machinists
