domino's
exam
Zachariah's
scribe's
snubbed
McGowan
potholder
sine
Houdini
cadenza's
mispronounces
cawed
undressing
exhumes
say's
seniority's
apposition's
sentenced
distrust's
rationalization's
Weston
pettifogging
quartet's
displays
tyrannized
witch
knifing
westerly
jobber
ducts
nonpayments
ikon
phonetics's
Snickers
supervisors
blunderer
sledded
teachings
Carmichael
persist
Vesalius's
disbands
parricide
retained
gazer
password's
wilts
Deleon
timetable
hedgehogs
hilltop
brisks
adhesion's
aerialists
Jerri
inlay
surroundings's
quits
bilked
braver
strep's
sociological
gut
gristliest
ragout's
interceptors
chaperon's
anthropologist's
subscript
celibates
frivolity
plaids
underworld's
torchlight
provision's
deform
crawfish
draw's
cannonball's
rancher
bookcase's
gruff
quitted
necklines
stratums
donor's
prologue
Mimosa
Rossini's
pointillists
Sulla's
nuptials
bowstrings
liter
rightfully
milkshake
succulent's
shamans
recidivist's
knells
