incurable's
euphony
hassling
lea's
antiabortion
swirlier
sentimentalism
affrays
compressing
commencing
bag
endures
outhouse's
hackneys
Nadia
straight's
Dutch
commissar's
Choctaw's
sullying
percentage's
smelter's
intemperance
nudist
breakup's
hawthorn
pericardia
seventy
citizenry's
season's
shirtsleeve's
prattle's
Ira's
bankrolled
preregistered
partner's
unhindered
remunerations
mischievously
Clearasil
objective's
formalism
Lakota
bungler's
currently
rote
pardoning
Kenton's
toadstool's
Nasser's
Natalie
bile's
Muawiya
defoliation
Harlem's
wartier
abdominal
salvers
pooping
phantasied
latecomers
sierras
kibosh's
coyly
drunkard
Woolongong
wading
rye's
panhandles
liquidator's
isosceles
clampdown's
Ahriman's
egg
smuggler's
tart's
shudder
buttercups
blessings
kidnaps
lifts
spraying
crocuses
sphere
hatred
Lorentz
Marjorie
besots
shills
crape
labia
bourbon's
Boole
underprivileged
segregated
underwear's
resentments
piker
neutralizer's
gilds
