combo
shakeup's
sheaves
truncation
prays
Zorro's
Kringle's
Cozumel
monogamy's
activate
Tecumseh's
Geraldine
proxy
flunks
vexes
endearment's
Praia
Slashdot's
Balearic's
regardless
stilt's
overreached
cascade's
supplication
rap's
confide
tumors
blabbed
cutely
Australia's
stylishly
header's
gazebo
Marion's
suspension's
deserters
village's
catnapping
arbitrary
Meighen
Adana
Spain's
sheen
funeral's
personalizing
tours
encirclement
tang
thrum
sturgeons
repels
Janis
secession's
energize
scurry
mountainsides
superintendency
delectation
position
Demetrius's
methought
radials
theist
potluck
conflict
applications
halyards
acquaintance's
plumped
swum
sprints
Internet
wattle's
halibut's
naiveté's
sewed
antibiotic's
Connolly
sustains
unconventionally
natives
trues
router
forewarns
Nahuatl's
Magellan
disrespectful
sneeze's
kerchief's
paradises
journey's
peruse
intercession
vetoed
unwinding
creamery's
boom's
deceive
baldness's
pontificated
