contacting
sweetener
playgrounds
Gaborone's
Inuktitut
wakens
sharpness's
Brennan's
croon
cocooning
Lahore
Ti
kindness
intercessors
caffeine's
dove's
confidante
antedated
Hausa
patrolman's
anthropologist
bodice's
cleans
jeweller
decode
assemblies
waned
Darwin
infringe
commonwealth's
freer
Canute
toeing
studio
below
Hersey
Astarte's
knapsack
indistinguishable
laconically
Leanne
Granada
pulpy
managed
hilariously
double
stimulus
overlapped
chemistry's
Siddhartha's
penal
disproportionately
deceived
pistols
nonwhite's
varsity's
frivolity
umping
constructing
tattoo
mayfly
hospitalizing
balcony
bonnet's
voyeur's
footstep's
procedure's
Leviathan
discussion
wicket
calumnies
transmission's
noticeably
Iago's
nutria's
christened
craze
compensate
gallows's
stethoscopes
appendix
inwardly
formlessness's
Devi
investigator
diamond
kickstand's
phobics
rubles
constitutional
yapping
licence's
nicety's
christens
newton
scavenges
chaplets
penetrable
exploitation's
suntan's
