overcompensates
Jame
perihelion
Cambridge's
pickaxes
ostracize
stimulant's
Elisha
savanna's
Ascella's
extrusion
Spanish's
heartbeats
belly
slouch's
licks
redecorated
jeweled
consumer
razz's
grease's
miserliness's
savannah
Wheaties
appearance's
Geronimo
gridirons
thespians
Hughes
libeler's
reemphasize
incorrectly
carbon
ikon's
derrière's
gerontologists
vivisection's
unravel
chambermaid's
dewberry
Madeline's
Epstein
mizzen's
astonishing
Belgians
Tuscany
fidelity
twelve
Tolkien
woozy
châteaux
symbolically
pediments
muff
stokes
pinpointing
Reuters
secularism
Roswell's
financing's
Eben's
elector's
sextants
phloem's
Oahu's
weathering's
Chandon
watchband's
captives
quarter's
regurgitating
Hansel
fjord
zipped
qualifies
postulate
evacuations
molested
sand
irrelevancy
makes
Winston's
pollutants
positron
methinks
termite's
Tabriz
enclave's
archipelago
Eurasians
czar
thiamin
umbilici
dreadfully
pixy's
muscat
demonstrated
camper
sago
inefficiently
