panhandlers
indelicacy's
pinpointed
aprons
Ne
perjured
suicide's
documentation
salivate
Guadalupe
sleigh's
bountifully
elope
Vicki
cheesecake's
soupiest
harangues
function
enriching
hoarser
washout
enjoyments
Vedanta
tithed
cambering
blockage
paunches
Encarta
hypocrite
echos
Exocet's
irritability
reemerges
table
Asiatic
Minos's
hallow
duff
Wilmer
Turk
encounter's
isometric
Tarzan's
maximizing
parvenus
slab's
seated
affectionately
overproduces
dadoes
redeems
hanging
sunbather's
environments
Tertiary
normative
slackening
budgie's
wardrobe's
shrike
illiterate's
cytology's
commotion's
teethed
construes
blockades
limn
shrift's
thickest
catalyst
dominion
Assam
Prussian's
pilaffs
nailed
Bigfoot's
disfavor
gazette's
Fatah
incrustation
gnus
procurator
virtuousness
woodcutters
steamboat
Magellanic
internationalize
successors
Jew
mendicants
fluctuated
Bernstein
disrobe
prickled
clampdowns
showings
condolence's
stylizing
advertise
publishing
