Behring
flours
resurrected
Sgt
epilog's
Achilles's
mollycoddle
abrasiveness
itching
CPA's
Jewish
herbalist
sneakier
g
transcripts
pickaxing
yore
entangles
pippins
grouted
funkiest
fiestas
flagstone's
premium's
DAT's
Tunisian's
missal's
tranquilizes
Gumbel's
hilliest
kookiness
strolls
herewith
Alphonse's
upholstery's
giraffe
crimson's
loft
revaluation
elaborated
coot's
persona's
lawsuit
dodo
inarticulately
paganism's
aliens
Nathaniel's
quartermasters
herdsman
yodeler's
malpractices
symmetry's
insists
late
lunatic's
bathers
hasps
impatience's
Norton's
Kusch's
lifework
whelping
lonely
Reinhardt
partnering
Bernini
spike's
maxillas
tenderhearted
assurance's
unbalanced
Manfred's
Michiganders
reunions
honeycombs
terror
beats
clincher's
cesium
Townes
restriction's
topmast's
audits
underwriting
flawed
insurrectionist
powdery
Mick
doubter's
deflector
barbarity
Ufa
spoken
nonphysical
pshaws
prehensile
lifeguard
bloodcurdling
sideburns's
