inveterate
trinity's
saltcellar's
featherweight's
acquit
deferential
purebred
quintessences
Irtish
speckle's
swellhead
flyspeck
Scheat
Janissary's
Gauss's
headlands
closely
Silas's
drowning's
traumata
legislated
lures
reddening
obscene
employees
peed
correlative's
dressier
Afrikaans's
flatiron
Rankine's
reprehending
causality's
thumbnail
Nunavut
toilette's
peak
septuagenarians
discards
discouragements
Bloom
Dina's
fellows
millrace
torrential
catchment
expenditure
interplay's
fretwork's
Smokey
succor's
permed
kneaded
crescendos
repressions
steamiest
peonies
perquisite's
dissemination
sniper's
stipple's
lexical
tzarinas
marionettes
recital's
syphoning
diereses
titillates
Communist
tongs
mule's
amounted
semis
Guineans
Aymara
Erebus
penalty's
aftereffects
smidge
tempestuousness's
cabal
Hellenism's
misbehaved
incise
membranous
encircled
evildoer
Lance
reversal's
backspace
constructive
fiord
Bridgett
unison's
boot's
Apia
dinginess
neighborly
cinders
interest's
