revivifies
Protestantism's
compositor's
hobgoblin's
temps
sanguinary
sheepskin's
eugenics's
survivor's
Drew
Ferguson's
Earnest
directions
streets
navigability's
typeset
pastorates
audio
undertaking's
testates
Blanchard
fountain's
ravened
pyramidal
violates
washbasin
confessedly
bunking
humongous
McCartney
Duracell's
stature's
heartbreak's
irrefutable
Jansenist's
duress
watchtower
unhooked
sissy's
cabbed
pauperism
poverty
woefullest
bicep
rental's
readies
Taklamakan
casualties
multiculturalism's
cotter's
dashing
answers
insomnia's
postmark
govern
toweling's
Brahman's
kilt's
volatile
cushions
airsick
Katy's
Venezuela
submergence's
yellowed
sender's
feats
fighter's
allegation's
voltmeters
humanization's
solidification
Elisha
scatter
Lemaitre's
Agricola
plucky
dogmatic
Bork's
shucks
Hudson
mnemonic
selenium's
counselled
Roeg
clunk's
maturities
shorthand
strategist's
satelliting
blitzes
pussy
wallets
fraternities
hookahs
refinery's
physicals
cress's
italicized
leering
