dissatisfaction's
Stacy's
deplaning
Aleutian's
racket's
prurience's
agility's
booze
discounted
stationery's
condoned
bogeyman's
prompt
cots
fortified
humanity's
wildebeest
turf's
plod
shuttle's
potbellies
silly
Althea
peyote's
chemist
polygonal
ditch
depreciating
shrouding
retrod
vender
unseat
faggots
manufactures
Trinidad's
label's
Doritos
resourcefulness's
plum
Whipple
brooms
vein's
pusillanimity's
snips
Pierce
Diefenbaker
daemons
tweezers
predicated
hazarding
radiogram's
within's
fondle
cheerless
Simmons
memorabilia
leftover
hurdled
violins
bulb
permit
conquistador's
inimically
diversionary
crankshaft
acquiring
briefing's
Kafka's
phoniness
ferociousness's
tragicomedies
Oldenburg
cucumbers
runners
farted
cleans
bisexuals
consigns
participate
rejection's
testicle's
seriousness
compiler
rectifications
flimflamming
percussionists
tarring
foyer
optimism's
confident
abiding
gape's
staggered
eminence's
indent
gore's
wight
reconstitutes
damming
freewheels
