chalk
misapprehension's
orally
philanthropies
outmanoeuvring
Micmac
gangrening
indispensables
landscape's
sawmills
monk
paneled
honk
Bearnaise
sunbonnet
reinforces
eyeball
physiotherapist's
subdivisions
thrower's
deadest
transnational's
Hogan
Janie
jock
contemporaneous
nonsmoking
cigarillo's
confectionery
turd's
violoncello's
skewed
Tylenol's
threaten
parachuted
ordinaries
blabbermouth
swarming
toweling
glibbest
fields
beaver
shirttails
Devanagari
competitor
pis
Weissmuller
ecstatic
Excalibur
expostulations
wheelwright
baseline's
touched
O
tropic's
miscue's
magneto
fixing
Candace's
Irish's
unwieldier
sandpaper
Angelita's
rioter
plummet
Montgolfier
suffusing
correctable
faster
Vulgates
discompose
demolished
lionesses
ye
flouting
lightweights
confidantes
bandolier
studentships
hurtling
syndrome
fact's
coolness's
intensification's
remit
folly
barb's
Roeg's
lugs
vehemently
mantels
trampled
tobaccoes
surreys
puerility's
shaft
erythrocytes
conqueror
earls
faints
