recouped
spotlighting
woodshed
firefighting's
supplier
lampooning
Buffalo's
cutely
yip's
hooch
Ginny
waxwings
fez's
Bender
outgrowth's
that's
blacklist's
endearingly
pickerel's
photocopier
creamery
reconstruction's
oxides
shoon
conversationalists
mining
authenticate
Ukraine's
neglectful
overpowers
Jon
deprograms
somersault's
niacin's
moods
suggestion's
Shevat
harpy
skewers
Mistassini
Masonite
continuity
Indonesian
floggings
calculation's
manured
amputates
Dallas
cant's
blubber
expatriated
syndrome
octopus's
distributor's
Mark's
Yugoslavian
crumpling
egotistic
curtails
dubiety
gimmicky
Finnish
timbers
extortionist
penis
relation's
Talley's
Tarim
kowtowed
swirling
mayflower's
Sawyer's
Croatian
Pd
pigments
found
weeders
anguished
Pasteur
vibrancy
Poincaré
stillborn
bedtime
budgies
defect's
dispatcher's
billeting
unseasonable
Korzybski
sensitize
polluting
seabird
swill's
miniseries
nonexistence's
yowled
smarts
facetious
encore
twinning
