inspect
inferiority's
arose
irritate
fervently
hypothermia's
Siamese's
cavilled
delirium's
wishers
Bigfoot
Ike's
rooftop's
Andromeda's
Ginsu
Kristina's
potentialities
interpolations
mesquites
panhandles
nematode
enmities
roughed
blackmail's
pettifogger
jumper
mica's
SOP's
statuses
restate
shallot
Snickers's
zeal's
germinal
despicably
reprieved
Darwinian
magician
neckerchiefs
dishonoring
RV's
chalk
prioresses
walkouts
Scotswoman's
waster's
blotched
hunching
aggrandizement's
overdrive
bridle's
raspberry's
tray's
antiabortion
escalated
deferentially
Lorenzo
escrow
cooties
cotter
levelness's
Alissa's
ukelele's
wealthy
Schroeder's
laziness's
baying
Huey's
bigness's
cusp's
Xeroxes
resemblances
satirist's
bullpen's
bellyached
advisable
renovates
breakwaters
tormenting
scissor
chammy's
Herminia
highball's
holder
signals
relents
deflecting
defeatist
collectable
pedicured
Hittite's
mischance
waffled
dishonor
Trinity
coastal
creakiest
curly
clergy
addendum's
