leer
wobble's
Caterpillar
jolly
serest
slurring
kilobytes
Zagreb
imbalanced
airsickness
ignorantly
flimsiness
Burgoyne
artifices
fondants
dismounted
interrogatory's
theoreticians
morticing
loyally
ricksha
Quintilian
nondeductible's
byproduct
tediousness's
genomes
staterooms
milkweed
besmirches
backup
showboated
conciliation
Quetzalcoatl's
chanticleers
imbue
brew's
aftereffect's
fighting
Pentax
squaw's
wily
Justine's
silvered
Koch
civets
perimeters
sundries's
earthed
hogwash
crematories
signet
coincidence
consul
Ohioans
Pygmy
ranked
limb's
effort's
hideousness's
ironing
killdeer
pyorrhea
spooked
granulation
seen
trainee's
pealed
judiciary
tinglier
abysses
confidence's
Amenhotep
eggplants
midway
expedience
petrifaction's
continuous
spokesmen
denouncement
pathogen
boot's
blistering
unripest
smock's
targets
wanly
Klan
undertone
squash
Chinook
amniocentesis
windows
coincidences
trimmings's
eras
wrongfulness's
satchel's
cookout
crudities
kooks
