use
recursively
Rankine's
Kalahari
dikes
napalm's
foulest
chamber's
Malachi
Moet
repercussion
copycatted
traumatize
doctorate
disorganizes
nominee's
tawny's
furtiveness's
ray
allegations
vocally
emotive
papaws
earner's
grimmer
derangement
blacksmith
readier
corner
Oxonian
headwaiters
intensity
disruption's
profanity's
Kali's
Greece
retype
drawling
damnably
landlady's
pestilences
jarred
merchandizes
canoe's
detoxing
applejack's
sachem
spites
worrywarts
geezers
injunction's
prisoner's
spreaders
Freemasonries
undercharge's
risk
heels
perfunctory
depoliticize
anonymous
swindler
mugginess
Lynda
internment
helpmeets
seal
interstate
Juliana
Mulroney
concomitants
outruns
Claudio
Yataro's
grumpy
edge's
crush's
tabbies
fathered
crematory
miasmata
coalescence
shotgunning
medicinally
unhealthful
trophy's
cautioned
implementation's
outclassed
bath
wise's
displeased
Colorado
townhouse
unsigned
sprint's
cummerbund
Felecia's
monophonic
unresolved
Barbarella
