witting
peninsulas
plating's
jive's
brocade's
randomly
Rwandas
wilted
tribe's
hunger
chemically
seduction
insularity's
Reginald
parable
impregnating
titillates
donation
clairvoyance's
clubbed
wages
rewrites
balkiest
quashing
nonagenarian
decimate
choppy
launderer
heartstrings
lingoes
Karamazov
avenging
weapon
infestation
Carthage's
disquiet
novelle
socially
recessional
bullet's
accounts
locales
codded
Mohican
bodkin's
debarkation
Delores's
breastwork
sidetrack
Sacco
decaf's
act
pencil's
encompass
hoodlum's
semicircular
facing
hockey
metacarpals
pulpits
two's
hologram
ductility's
Burgoyne
shrift's
Mujib
garoting
Gothics
hatters
ranker
Marley
lively
etiology's
alder's
mummified
grasses
appallingly
Seders
impediment's
Bogotá
auricles
Kaifeng
fourth
salvation's
glamored
census's
churned
bemoan
Vesuvius
litigation
discouragements
V
specialist's
Larsen
outbound
weatherizes
HUD's
platypuses
like's
faggots
