contravention
pursed
sherds
prattling
hearsay's
Februaries
ingratiate
around
demagogy
consciously
disrupts
packing's
smelt's
loan's
entombing
Jinny's
avidity
reheats
woodchuck's
bellhop's
sitars
pragmatics
palpitation's
browning
secluding
Salado
ranks
castanets
arrests
implements
louse
Bluetooth's
tramping
score's
footprints
constellations
expansionist's
quilting's
Yemen's
surgeon's
alluring
stress
parting
dissociation
rewire
placing
lost
sepulchral
prepackage
wooding
lore's
thronging
proletariat
grazed
robots
mound's
sodded
kindness's
memoranda
implement's
sexism's
smarting
copped
stupefaction
candidates
miscall
modern's
cloverleafs
Antonia
oceanographic
Mallomars
recession
disabled
coolant
cheapen
Dallas
memorialize
eMusic
Baffin's
skiffs
wont's
threateningly
effluents
thickener's
chillings
Carey
Melanie
Trappist
overplay
Amparo's
clods
Ann's
Seleucid
spar
herbage's
pricking
O'Higgins
overeager
boulevard's
Rosemarie's
