Wii's
cattier
remuneration's
erasers
booty
Matt
profusions
revolutions
Renault's
Morton
brittler
crumbier
Osgood
matchstick's
perfume's
Sanskrit
lobe
floods
motherfucker's
garotes
Casey
whined
ribald
faultfinding
drying
singe's
snapshot's
Laius
animosity
unsubscribes
acceptability's
thunderstorm's
slamming
Gibson
burn
wool
freemen
bonanza's
ritzier
blooding
Homer's
Horatio's
horticulturist's
Bushido
impetus
territory's
telegraph's
Popocatepetl
undershirt
competency's
ladled
possibility
shagging
retaining
glassy
squares
spool's
diacritical
Pantagruel
hesitancy's
enchantress's
offset's
budgeting
infiltrator's
keypunch's
silents
footmen
ashrams
getaway's
veldt
peritonitis
corncobs
infrequency's
Hertzsprung
shames
yellows
wolfram
lath
linker
dingy
change's
announcer's
mousiness
sagebrush
bleakly
resonated
Lucretia
reelection's
backrest's
siding's
footprint's
seismograph
Shelly
processioned
undeceive
oral's
Slovenia's
constrained
applicators
architectural
