eave
Challenger's
typography's
trimmer
cottages
virulently
lauded
stoves
Oprah
lovebird's
cadence
aberration
snowshoes
issuance
loquacious
dodge's
baffled
ashen
Saudis
porthole
wept
sashaying
Ganymede's
despot
matchmaker's
inlaying
dentistry
splatters
congas
damper's
Toledo's
Pyrenees's
phantasied
Knapp
mid
aperture's
repertories
timer
genealogist's
cardboard
polecat's
kaput
Gaza
bears
liberals
Robbin
conjunction's
unvarnished
proctor
stuttering
nuthatches
Merck's
amniocenteses
wastefulness
turpitude
Hench's
Claus's
mayflowers
final
millisecond
polymath's
ten's
Hadar's
Tulsa's
curious
ruff
deductive
unsuspecting
bandolier
Desdemona
circulatory
imitations
automobile's
magnanimous
psoriasis's
criterion
belonging
barium
homebody
plateau
crudity's
dale's
syphon
misinterpretation's
despots
sedated
mandrill's
terraria
serfdom
professional's
rewiring
gayness
aerobatics's
here's
clop
uncannily
crown
ungulates
Wigner's
portends
