woodcock's
flush
Alisha
ludicrously
hillbilly
Macedonians
murmur's
rags
threshold
Slovak's
Chisinau's
evidenced
doctorates
exhaled
blimps
defensively
sail
responsive
trustworthiest
commissaries
ambulance
statute's
berths
Buck
bailiwick
warty
licentiously
papacies
buttonhole's
payroll's
inexpensive
underflow
discontinuation's
inducement's
drudgery
pinhead's
overtakes
Keillor's
discombobulated
bourbon's
forded
overrode
derision
rubbishes
disembark
warmth
stymied
newbies
tings
Godiva
utopian's
Visayans
hustle
constitutionally
accomplishes
entrails's
frontages
prates
improvisations
parked
error's
coinages
jarring
cookie's
Sears's
Havoline's
Lori's
fungicidal
coastline
delineates
nickel's
initiating
film
Millet
overthrows
likeliest
solids
stilted
relented
finch's
staffer's
councillors
Steinbeck
brittler
besieger's
annotated
raceme
brisker
extension's
disobeyed
doodling
commotion
statesmanship's
modification's
choral
paramedics
value
caucussed
respirator's
carboy
