colliery's
dustless
skip
droplets
vampires
pithiest
FBI's
mistresses
Kelli
corsets
cupcakes
morbid
lath
prohibits
Dana's
verandah's
Truth
brake
enact
Eliot
fantasize
domain
pivot
fiord
solemn
Kenyatta
spiting
bypassed
socialized
Bissau
handsprings
weirdness
faiths
veep
highboy
descendant
muftis
prospector's
Rios
cooed
depending
exclusion
Lewinsky
labor's
heaving
loin's
necessitates
indigo's
Bunsen
stratums
matrixes
chrysalises
catchword's
facet's
equality's
flake's
seismically
rudiment
compellingly
Lister
Clarence's
Richelieu's
raped
lyric's
inner
mortice
inclosure
misdealing
bantams
flexed
shin
sexless
intermediate
serf
hydrants
Pruitt's
hate
cabins
bus's
desktop's
Willard
Waters
weekdays
hydrotherapy
cock's
Vaduz's
Squibb's
mythical
monopolization's
fullness's
shack's
Lewinsky's
smarmy
Antarctic
tartan's
somnambulism
slurping
obtrusiveness
Cumberland
monosyllable
