lateral
snippier
softhearted
bluff's
chutzpa
declivity's
caste
pyramid's
problem's
Riesling's
pounds
stipulated
aquarium
Presbyterians
faeces's
Australopithecus
remarries
nonentity's
Zorro's
completing
prone
aromatic's
moraine
thallium
floodlight
guiltier
bogus
racecourses
debater's
internists
unripe
parsnip's
drifters
firm
hinge
dependence
cowgirls
tricycle
jute
hankerings
bimonthlies
exceeds
hold
Dion's
farmhouses
pares
divvying
Holstein's
treble
suppler
reassesses
fizzle
compunction
psychopath's
plane
culminations
buttoned
linefeed
fratricides
eighteenth's
upsurge's
straitening
peritonitis
stymie's
corpora
amuse
trapper
flamenco
terabytes
shampooed
overbooks
malcontent's
skinniness's
misdemeanor
publicist
delivering
unbind
discarding
convoy
thespian's
improve
blacksmiths
whiffing
quintuple
aflame
visors
killers
libeler's
vertebral
harvests
poking
interweaved
Gnosticism's
sneaker's
DD's
Caracas's
noncommittal
Nankings
walleyes
peck
