portfolio's
lookalike
trailed
ambiance's
Apalachicola
tuxedo's
notch
spitefully
vignette's
inventory
Willa's
automobile
yore
midway's
beefsteak
tamers
schismatic's
Kenyans
curtaining
sir's
region
posies
Pullmans
woofs
cameramen
princely
odorous
muffles
Heidegger
ministry
pensioners
reheated
modishly
banyan's
hilarity
apprehension
Bourbaki
troubleshooters
swami
stratify
slithery
favors
alternators
eyeballed
resupplying
preambling
bells
far
skateboarders
authoritarians
squabbled
Corsica's
matrimony's
flying's
resister
expansion's
linen's
defiles
jurist
denounced
separatists
wintrier
hitting
bronzed
reliving
atmosphere's
wedlock's
shunt
matters
Pentagon
deodorants
witching
Degas
catchy
escarole
angularity's
retroactive
nonpareils
consolation's
insertion
unobjectionable
receivership
congratulated
turgidity
nurseryman
grandsons
townspeople's
Ellison
whippoorwill's
pail's
falters
Elnath
collocation
boutonnières
viewings
Wac
rally
Fuller
fillets
habituating
