Kannada's
ErvIn
japes
traditionalists
sharpest
hike's
technologically
underachiever
nieces
gazebos
scientists
pleurisy's
moonlighting's
vomited
resign
unmask
dryness
sporadically
Brigham
royalists
Mullins
firebombing
cassia
biofeedback's
royalty's
harpy's
inbreeding's
frippery's
blessing
blueprints
Ojibwas
born
foreclosure
sounded
Ty's
offshoot's
starve
seduced
pail
lube's
dicta
scandals
thrombosis
lingering
forthrightly
embrace's
license's
reelecting
goofiest
derailments
foreshadow
Jackie's
jiffies
rallies
zephyr
yodelled
concentrically
Aspen
masturbation
Ingrid's
tarrying
foreman
headlight's
monitored
signification's
frill's
nemeses
plectrum
concerting
simulcasts
Venezuela
diffidence
tithe
psychosomatic
gongs
bonuses
Creek
effluents
deforests
delving
blackjacks
anthropomorphism
lot
enjoyments
superiority
goodwill's
hick
fleetness's
merging
anywhere
gazillions
implored
carnivals
cashiers
returnable
eyeliners
lavatory's
pies
overrule
Cotton
