gallantry's
hothouse's
Media
fouling
casein
Shintoisms
sites
intricacy's
microscope's
shoe's
intensely
Orinoco's
Kuomintang
Aguilar
songsters
Purim's
commutation
boggles
Honeywell's
crawfish
perjuring
debates
Triassic's
composite
Whitefield
harmonic's
prioritized
zigzag
canasta's
showpieces
Peiping
gossipped
Hammarskjold
aneurism's
refrigerator
verisimilitude's
awkwardly
magnanimous
arithmetic's
desirably
Mercado's
personally
huskers
denizen
Ellen's
territorial's
seamier
enforcer
ministering
cotillion
getaway's
cynicism's
fricassees
Nehru's
singer's
truculence's
silkier
rap's
portending
fiber's
cagier
tribulation's
bumpkins
sculptor
haled
emporium's
linemen
jazzes
solidly
discontent
uninstaller's
therapists
crust
Suez
factually
chambermaid
wined
fewest
measures
agglomerated
worked
daiquiri's
sputtering
Lidia
scoff's
overview's
painless
multicultural
clubhouse
swirling
Adan's
traumatize
P
correlate
invariant
pizzeria
dory
hut's
garnisheed
overseer
