Selkirk's
grandchild's
vegan
vengeance's
triad's
downbeats
reaffirms
lemmings
Polyphemus
Superman's
munition's
attending
detonators
socioeconomic
Sierpinski
fleeced
prerecords
doodler
law's
Craft's
ovum
distinctest
rallying
Livia's
lubricator's
kleptomania's
rollers
neurotic
dirtiness's
flourishes
nonsupport's
Mort
procurators
drifting
divergence's
scrounger
gunk
Goering
phantasies
disconnection
weepier
errant
downsizing's
sublimely
Reginald
programs
exposures
efficacy's
anvil
suspicion
discomposed
spitefuller
reenlisting
amulet
gallows
transfigured
airhead's
serenade
compactly
Pickering
writings
abnormality's
legible
dowdily
wrinkles
disputation
listen
Kalahari's
potful
Devin's
mischances
minuscules
connived
Icahn's
dribbled
wigeons
hails
backhanded
sellout's
resonance
extendible
Lucinda
qualms
expedition
scrooges
gloated
twiggy
sniff's
blowtorch
disputable
upstage
codifications
withdrawing
contempt
saffrons
byelaw
coordinating
hunkering
Iphigenia
target's
