digitally
oblivion's
Afrikaners
dauphins
collectives
adequacy
windmilled
worrying
Goya
drooping
collector
mender
demos
jazzing
wholesome
girdling
Lessie's
Olenek
repeatedly
goons
multiplexers
prove
virtuousness's
flusher
exploration
fibs
Brest
plus's
highland's
Meghan's
merge
Baker
unseals
seam's
monopolize
isobars
taffies
absurd
matts
stench
unhappiness's
inarticulate
hoorahs
Norwegians
truth's
innuendo's
Indies
tiara's
menhaden's
avarice
neoclassic
legs
saddened
bacillus
testimony
allocates
blonde's
repaired
rosettes
sneer's
grind's
guttersnipe
gloating
memorandums
severe
velocity's
Gwyn
knack
scatted
Ir
cuts
utopians
Izmir
skits
replicas
Karloff's
Gen
niggardliness's
bobsled
grandmother
snagging
Ni
Gipsy's
teenaged
laze's
executives
Logan's
galoshes
mortgaged
baseness's
Sweden
complicates
refuse's
Adventist
loudly
discos
Socorro's
dignitary
mutate
naturalistic
