overmuch
florins
sarape
birthplace's
Romulus's
Lassa
storekeeper's
Arbitron's
donations
pharynx's
endorser's
polyphonic
Zimbabwean
Brigid
extolls
transportation
goose's
Hera
Wisconsinite
binding
philosophizing
frankfurter
portfolio
transposed
mutinying
flamingoes
curie's
ingrains
inuring
astrologer
SIDS's
dirges
beehive's
Zappa
clawed
autoworker's
eludes
deference
selectmen
Fiat
mooching
broads
Zhengzhou
commiserating
molests
compression
Bunin
imprimaturs
Scrabble's
exclusives
caterwaul's
buns
wrap's
skip's
irrelevance
saboteur
repossession
Dunn
reaper's
scrubbers
britches
preeminent
forgoes
reaches
karakul
doggoning
limited
bump's
fleece's
executed
airbrush's
chess's
Salazar's
mistypes
spatial
distinctiveness's
pulp's
blowups
griddlecakes
Art's
Etruria
Mohammed
ward
Nanook's
flawing
tiptops
truce
patently
cattiness
deaconesses
mezzanines
pleasingly
Corina
hunter
gazpacho's
Villa
cowslip's
astuteness
Shula's
Spokane
