inaugurating
wildflowers
armada's
absolved
floozy
documented
Colorado's
singer's
king's
saltshaker
Santeria
hurtled
Jahangir
Gloria
Lollobrigida's
cremating
uppercase
weals
Suzuki's
Stern
Nathaniel's
mainstay
appals
psoriasis's
Charlotte's
registrations
rattlers
Coventries
Kroc
restraint
gaffs
Havarti
dragonfly
praises
arborvitae's
poem
Yugoslavia's
bilge
maintenance's
juices
unsupervised
cacao's
shorten
Fuzzbuster
switchable
pendulous
d'Estaing
fin
handkerchief
hairstylists
bloodstream
summit
crinkliest
phallus
priory's
disastrously
poncho's
centerfold's
lymphatic's
djinni's
Mapplethorpe
lobs
sizing's
DAT's
redressed
Polo
decanter's
muskiness
Malayalam's
patio's
Burks
pears
lugged
part
pleads
birthstone
neoprene's
toucan's
silent
Pyrex's
Donaldson's
Urumqi
Theravada
ironical
motley
Zambezi's
thoughtlessness
chop
cans
plot
popcorn
ridicule
scandalously
beechnut's
cosmogony
considers
acquittals
cosponsored
safari
watch's
