masterstrokes
misguided
paper's
poisoner
Pullmans
Diego
Concorde
collegians
heeds
washed
barrettes
Burgundian
atoning
Trent
countered
figment
altruism's
equines
tickle's
trolley
book's
Apple's
winch's
admitting
exemplifies
regiments
R's
deodorizer
snippet's
poorest
bowers
sunstroke's
Thebes
stinging
hookup's
indifference's
resuscitated
Denver
provision
Nepali's
liberals
Yule's
stem
blunderer's
counting
Herrera's
zilch's
goods's
summoned
anesthetize
personable
ratio's
Britons
prefabrication
poinsettias
nicked
racoons
obesity
beachcomber's
sustenance's
indoctrinating
Bragg's
McQueen
Alpo's
reemerged
placating
gnat's
etching
tweeters
brooch's
orthodoxy's
protestors
faithfulness
blackouts
board
disorderliness
gymnast's
configurations
tarriest
scorecard
throat
graybeard's
lichen
lawmaker's
weatherproof
blank
comprehensions
ruby
Forbes
Elgar
discontinuing
mimicked
Keynesian
alternatively
ravage
expressionists
washbasin's
Eurasian's
washouts
squabs
