handball
missal's
Leo
refectory's
massing
moocher's
antifreeze's
kindergartener's
windbreaker
Ada
assessors
black's
appeaser's
flops
Mendocino
wrinklies
particulars
King's
Willy
unto
scoffed
awl's
Babylonian
prompter
dumbest
countersunk
eBay's
dissidence
professorships
Deanne's
Krystal's
ambiguity
Shiloh
Grus's
alms
clergy
plantains
amorality's
betrothal's
pudding
revivify
tows
socialism
squeegee
suggested
unbuttons
absenteeism
mink's
davit
Apaches
hurdled
inflexibility
selvages
isolationist's
porpoise
biennially
parrot's
prattle's
Longfellow's
revving
completing
amnesiacs
hussies
dishwater
obviously
say
extincted
Oldsmobile's
Mark's
pacesetter's
invalid's
spelunker
dampens
Netherlands
Hinayana
groveled
lunacy
Memphis
damning
crybaby's
constabularies
obeyed
Jun
topmast's
Wendy
kettle's
elephants
fling
ascribe
varies
housed
Terr
interviewers
Clementine's
scoping
shopkeeper
nearest
incomprehensible
keypunch
asparagus
