abrogations
gaudiness's
seriousness's
reallocates
carefuller
haven
screen
dodder's
glossiness's
nationalities
headstones
rotates
sear
penicillin
understudies
reprocess
holocaust's
optician's
Tammuz's
heavy
Procrustes's
misconstructions
Cuchulain
Bessie
olfactory's
losers
reign
generalization
mien's
Southwest's
winners
injector
simplest
Redgrave
indices
Osceola
strolls
fund
Lepus's
Ariz
quilting's
goiter's
sexed
Tanganyika
floss's
buyer
triptychs
consensual
down's
elapse
commander
Icahn
wishbone
catalyst
directory's
amplified
Baltic
D's
stenciled
faint's
clarifications
received
scrounge
godfather's
deceitfulness
pillow
hexagon
refashioned
stir's
goitres
reupholstering
Stalingrad's
assassin's
minister's
Texaco
suing
counterfeits
tenants
ecosystem's
cortexes
trustfulness's
clack
infallibly
gull's
tracker's
teleconference
hashing
profiteer's
declamatory
proportioning
aides
ikon
flapjacks
newsreels
blanked
throne
vertebras
Abel's
broomsticks
welled
