sows
Agricola
exaggerating
Borlaug's
megaliths
statuary's
grandchild's
Chappaquiddick's
intermezzi
reclined
stricken
boney
Khyber's
preregistered
recriminating
rucksack's
remissness's
conventionally
Aludra
railing
Angel's
Osage's
outmanoeuvres
toucan's
astrologer
Cassius
pastorate
gloving
nibs
expatriate's
invoke
fantasies
Strabo
proletarian's
thirds
Dare
fortes
sleekness
gunshot's
decadence's
floodgate
ninth's
caplet
salute
willowiest
severally
Mahdi
acanthus
idleness
achieve
roundish
appealing
supervenes
snowballing
Molotov
relocatable
squishiest
faster
flatting
listed
hastily
bisector's
unkempt
advert's
loyalist
footprint's
write
pistachio
wooly
Rockefeller
punt
Colt's
sweepstake
maternity
salesperson's
packs
atonality's
Dustin's
hasted
suppository's
AB's
disordering
declared
pawnshop
Stephanie's
accessibility's
animals
resistor
rinse's
harelip
harrying
predict
Messianic
unnumbered
briefing
cravats
scarcity's
unruliness's
foetal
Dalton
