masher's
fencing
accessibility's
salaam's
exhortation's
Judson's
infidels
trespassed
confuse
subteen's
Huggins
stoppages
threshing
jokingly
braggart
arts
junco
statehood
gangplank's
geodes
hermit's
acceptable
Gwendoline
Kinney's
anagram
outfitters
outsourcing's
outwards
deposed
cogently
entail
pernicious
matchmakers
Tswana
passkeys
windfalls
Democratic
foregather
bebop
enumeration
Alyce's
courtesies
jocundly
something
Thanksgiving
apiece
Sicily
He
Byers
foremast
Cote
tonnage's
slugged
snipe's
titillation's
verve's
nonviolence
mambo's
Cryptozoic
emotionalism's
inactive
passkey's
rioter
visit's
pulverized
raisins
Anglia
sharpening
obeisance
rating
signets
snooper
interbreeding
windowpane's
Krista
periling
notation's
yukked
grams
match's
longhorns
Beard
pirates
along
arming
curiously
Antilles's
hydra
Youngstown
undersold
staked
drifter
yea's
Dushanbe's
shingle's
gal
hungriest
romanced
FDR
profitability's
