caviled
Kojak's
mistrust's
undesirable
narrow's
muskiness's
difficulty
outsourced
telegraph
strafe's
nylon
restudy
bulkhead
clerk
amplified
involved
campground
flavoring's
Puebla
mahogany
misprints
swastikas
personality's
smock's
Kutuzov
occupying
mender's
succincter
dissembling
alkali
perishable
hosteler
breathy
Brinkley's
northeaster
sophism
originated
loader
Pyotr
counterproductive
swagger's
presumptive
legality's
sweetheart's
football
skilled
shape's
bistro
asps
timezone
potential
fourteen's
packet
Eleazar
vilification's
equilibrium
growing
chessboard's
embryonic
Napier
chillers
suspects
jackdaw
eraser's
feminism's
remorseful
copperhead
scoreboard's
Indus's
YouTube's
Zeus's
cleverest
docks
mortice's
galloped
factorize
slices
reneges
beautify
boxed
odometer
sartorially
crueller
Baryshnikov
tile
slugging
sheiks
adulterate
headband's
earthenware
presage
notice
loaner
Garfunkel
wimpy
radiotherapist's
unethical
kindergarten
Irvin's
rubberized
