Sian
Leonidas
extricate
criterion's
Neogene
souls
insentience
Thessaloníki
Sheila's
begone
gluten
noncom
practising
pizzerias
eviscerate
overacts
nonempty
gamboling
antislavery
toxicologists
Theosophy
evacuee
Wilmington's
Yacc's
abducts
brew's
nitroglycerin's
liposuction's
Iraqis
mainsail's
flings
assuming
schlemiel
facilitate
Europe's
hop
rebelliously
dikes
spastics
ordinals
strontium
shelving
lushest
Eliseo's
cognition
adoration's
leave's
physiques
Prius's
Plataea's
creams
girded
auk's
infancy
highway
wives
refuge
ulcerates
kissers
Esteban's
headache
gape's
explosiveness's
Leipzig
bumming
lampshade
gob's
Sontag's
literally
Menominee
workings's
garnisheed
boundary
puma
cleansing
milkiest
lawyer
systematized
Ara
lodged
refuse
contemporaneous
deans
crisscrosses
choke
priory's
trace
inception
nickname's
pithy
impalas
Grable
alternating
vocalists
tiff's
developing
emolument
conditioner's
Platonist
camel's
