telecommuter's
domesticating
Ignacio's
schlock's
peerless
fishtails
showings
Starkey
outmaneuvering
misused
cups
boloney
minutes
promiscuous
ruminating
separator's
bellicosity
territorial
doff
Zionist's
overreacts
ibex's
horde's
overspread
erects
suitor's
putrefaction's
psalm's
swaths
enthronements
affirming
inaugurations
governance's
arpeggio
Stephenson
organism's
Daphne's
Minerva's
amateur's
nefarious
chaos's
ocular's
hiccoughed
Marley
pockmark
conciliate
shipbuilders
bane's
framed
Lucretia
pathogen
oracle
upstairs
lowliness's
pocked
flotsam
Guthrie
mammogram's
Burma's
Savonarola
rev
veer
burdensome
prearrangement
mistrusts
whodunnit
retype
tithes
drinkable
Jamaica
flowing
weatherproofed
shotgun
Republican's
radiators
waltz's
gunboat's
bells
pointedly
Palmer
Benetton
sterling's
spittle's
methodology
maximum's
brawniness's
plunderers
promissory
occupied
Atria's
Ryukyu's
Hadrian
fluency
Pu's
tiff
soapiness's
reorders
ordination
kilometer's
seep
