quadruped's
readmits
Sid's
thalami
erupt
amplifies
Jayne's
narrates
disapprobation's
solver
Watkins
ablative's
punctuated
corollas
resultants
pacifying
syllabic
mansards
schmucks
saucer's
beach
beak's
pokeys
languor
hothouses
Korea's
malt
pellets
Grimm's
Shankara's
Schiller
slivered
stole
tricycles
unhinge
inchoate
accusers
rawboned
Normans
Phyllis's
Valletta
whinnies
bookmarks
flintlocks
friendship's
chaotic
semitone's
croon's
chlorinated
layouts
pontifical
confabs
acute
Verlaine
owner
Adan
footstool's
pallet
foppish
nests
ascendant
quartz's
barging
absorbency's
introvert
SARS
mainstream
separated
Felicia's
modestly
pipsqueak
unclear
hibernation
manifestos
fungi
Lovecraft's
mascot
autopsy's
reemerged
deathless
firework's
basked
comprehensively
marmalade
aviatrixes
bunker
Coleen
rebellion
eightieths
Parmesan
Lamarck's
antonym's
suffuses
celestial
fondles
gimmickry
icecap
afterlife
fulcrum
logarithms
