infantry
stultification's
prodigies
gelatine
demagogs
unisex
rescind
recap
rick
arcade's
disestablishing
gerontology's
ossify
Lusaka
anathemas
suffix
impulsion's
stoking
hobby's
throwaways
proofreading
exotic
schedules
swooned
splotching
Macy
brier's
ignominy's
kissers
snorkelers
hemorrhaged
broached
Rodger's
dimwits
Geller's
phoenix's
gazers
bloodiest
directorship
buttress
befall
harpoon's
egalitarians
chat
yaps
worker
sacked
wavelength's
imploded
slickness's
frown's
laborious
ventricles
poems
Hatteras
clumsily
procrastinator
speaking
toasted
thirteenths
Deidre's
Muhammad
bead's
narked
largest
Gleason
Schrödinger
Anibal's
analyzer
slinked
luxuriantly
yards
snug's
repatriate's
obediently
Peugeot
pilaw's
Afghan's
Carmine
workplace
signboard's
reclamation
micron
putty's
flooded
presentation's
volcano's
retailed
unzip
reconciled
strangeness
nibbles
proprietresses
lifeline
portages
seldom
Shaun
failures
Homer
gelled
