porridge's
satisfy
odiously
swiping
messily
canvases
assay
blunder's
Fed
pollutants
Faulkner
demographics's
menstruate
exhumations
embolisms
maritime
jaw's
Creation
undersigned
evidencing
incurables
trickiness's
flannelling
detailed
biplanes
typography
human
Scorpio's
sentencing
timber's
lullabies
angora
smithies
blackjacked
Namibian
transcribing
condoes
Tutu
Carrie's
Nureyev
ornithology
miscellanies
shebang's
renumbered
lei's
schedule
immigrated
palavering
mode's
bogies
denominated
Noel
pimple
fester's
trough
tackling
median
Frisco
dwellings
methodological
skepticism's
boneyest
deceleration
neptunium
rubbish's
flex's
mangy
pulverized
cretin's
sol's
sextette's
debauch
satinwood's
Post
nobleness's
cattleman's
Elvin
whirls
Head
intone
subscribed
depreciated
freighting
playpen's
blanches
stress's
paleontologists
convection's
hemstitches
dynamiting
wisecracks
countrysides
oratorios
navigable
Mark
Gomez's
thunderclap
Katharine's
toggling
banished
