anytime
monotony
Jesuits
meteorologists
oiliness's
truing
circumcising
incloses
thrice
penultimates
cognomina
nineteenth
lube's
defecation
welcome's
manikins
intensity
alternator
queries
scotch
ibises
bicameral
harpoon's
aggregate's
greasy
Lancelot's
contactable
playoff's
auburn's
Cromwell
centime's
Ohioan
oversaw
nudges
unclearer
jimmy's
pipsqueaks
dieters
guerilla
tackles
storybooks
whatnot
tab's
swilled
outnumber
eagles
reefed
sanitize
tureen
hospitably
toothbrushes
untimeliness's
mutability
reverential
directive
Choctaw
Clarendon
acid's
hiccough's
coccyges
earthenware
floodlit
boardwalk's
clench
dwell
effort
mainframe's
wildflower
epoxy's
obdurate
Marin
misplayed
Makarios's
ruddy
overworks
neigh's
zoned
scrooges
jut
borderline's
ravels
spinners
Beeton's
raven
glowworm
marked
nationalism's
imperturbably
motto's
writhes
gulf
menstruates
gristly
politely
circumscriptions
Les
irregularly
sitcom's
headway
Continental
