despairingly
insurgences
Sirius
suggests
mans
Dawson
remainders
ingeniously
supervened
fateful
eerily
investor's
lobe
overshadowed
traveled
Nefertiti
wriest
blade's
geologies
plait
slipperier
skirting
yoghourts
tusked
regimenting
robed
spider's
doodle's
ferociousness
concentration's
vapidness
godchildren
Roslyn's
bucktoothed
inadequacy's
confection's
Elway's
attune
SW's
cipher
miscellanies
rowdiness
Rhineland's
relent
ugliness
bribe's
lambasts
jellyfishes
brakes
Michelin's
Tammie's
compresses
unaccompanied
eunuch's
official
situated
controlled
sill's
unhitched
sidekick
defiant
foresight's
grogginess
Hasbro
dote
reviler
Gilliam's
reeducation's
geometry
Redgrave's
Martina's
kin
skywriting
Tagore
secluding
consent's
Beryl
triplicating
flexitime
skewer's
sleeking
styli
gardenia's
Hermes
contains
inoculation
harms
Knesset's
qualified
enable
Selkirk
affidavits
catarrh's
Virgo's
paragon's
advertising
opossums
jackdaws
hasp's
effectuate
