duplicate's
demoting
trilateral
inspirational
runnier
invoke
roiling
oscillated
evidences
nondrinker's
procreating
motivator's
guillotined
crush's
liberty's
Grus
sorrowful
acuter
audible
kills
exes
deftness
fool
knitwear's
elephants
Antananarivo's
compile
foresaw
cornice
willing
weirdness
Fremont
power's
embodiment
devout
Robinson
cannonades
entertainer
Osage
Demetrius
meatloaves
Juneau
climactic
coauthors
lattice
subsuming
obscener
masterwork's
movable
Enterprise
inflate
glorious
bestial
sweeper
dateline's
regicide
dolls
reoccupied
bribery's
pediatrist's
roughneck
speck's
Erma
billow
conspiracies
writ
remembered
baboon
viced
Mona's
boil's
eerie
Albanians
lawrencium
bedded
carfare
ECG's
summons
repayment's
cyst
hikes
Polk's
nonviolence's
highs
discomforting
slithered
burgeoning
dissension's
Downy's
credenza's
renovates
cock
prevalent
ultimatums
antedate
orthogonal
aphasic
route
Lassie's
redundant
