reformulate
Arcadia's
Terrie
chemises
urination's
continuation
skulking
jauntily
Marsala's
Lithuanian's
frontier
flubbing
represents
rescheduled
stateroom's
restfuller
like's
Randal's
blintz
jilting
burnoose's
miked
ell
wavy
fancier's
confessors
zirconium's
envisioning
swigging
aural
fulfilled
shimmed
quoit
corresponding
Walls
Newsweek
bighorn
Vermont's
handiwork
beautification
spire's
hitchhiking
maestro's
activates
Bolivian's
woodlands
Libya's
buckskins
Suzy's
twelfth
acne's
rollick
onlookers
welcoming
billing's
archive
butt
drier's
temporized
plumb's
Hermosillo
resplendent
Zosma
monoxide
Pawnee
purpose
Uighur
belabors
dimwit's
scrunch's
consummate
inertia
dash
outlines
lassie
conformist
chalet
punted
bovine's
desiccate
embarkation
pinkies
Brock's
dodder's
reemerges
filches
anticipated
libeled
eggbeaters
adhesive's
Inonu
arbitrariness's
airliner
applejack
wildcat's
anesthetists
extradites
Moors
drawings
latter's
