heeded
overweening
infuriates
impressionist
hemophilia
Jonahs
mountainsides
newsprint
Nautilus
gazes
practical
Mencius
operation
spreaders
caustically
Jayapura's
interpreter
snits
Maharashtra's
bullshit
Durhams
Mandalay's
diversities
irradiating
Genoas
besoms
Efrain's
Nielsen
brave's
fathered
fancied
tailor's
magnolia
heartwarming
Shannon
Isherwood
Cotonou
forsworn
nimbler
packet's
Lyle
traverse's
musicals
dunked
reinforcements
Eddie's
oxen
Gracchus
Catalan
Damascus
democratizes
empowerment
tricks
towels
blessedness's
Nicole
shufflers
betterment's
maestro's
childcare
highfaluting
calmest
inmate's
xylophones
milkshakes
ashing
upraised
planting
inclines
incessantly
expansively
abasing
Darwinism
quartermasters
milieux
unjustly
nucleuses
ascendent
hearing's
melon's
antique
appreciation
gardenia's
weariest
Henley
encapsulating
animation's
nuncio
campier
launder
Irishwomen
engraved
clustered
sun's
knickknacks
happily
halls
mendicants
harden
Fahd's
