slipper's
interdepartmental
gonads
venders
peccary
proportioning
FNMA's
assassin
amorous
outweighed
Mnemosyne's
harness's
webmasters
significance's
spates
intimated
valuing
Vegas
jinni's
parole
robotics's
Camus
Dolores
showered
clergy's
wages
ablution
certificated
possible's
cholesterol's
pompom
Wimbledon
confine's
tickle's
boulevards
Rojas
discussed
haunches
quieting
militarists
Hindustan's
neutralizing
effective
impetigo
Gilchrist
glitters
crests
subornation's
regularity
Poe
campaign's
infesting
quatrain's
bailout
before
info's
scruples
churches
whooshed
unduly
Sherrie
affably
sunstroke
dodge
statehouses
homophobic
deposition
lascivious
ABM's
clauses
Guayaquil's
embossing
spidery
vantage
cowers
Bogotá's
contusions
Maiman
Pangaea's
exaggeration's
departed
infusion
earthed
Qumran
recommendation's
subsidence
cuneiform's
snacks
Pisces
Pennington
Rheingau's
Kodak
zippiest
vassal
rut's
straights
civility's
Rochelle's
dole's
abolishes
