iodine
Blair's
buccaneering
calypso's
sectioned
reeks
Merlin's
Gatun's
brainteasers
bullpen
betraying
prudery's
mistily
driers
scums
instal
mewed
Aeolus
Greg's
unpatriotic
tiles
avoidance
Mather
dethroning
evades
Venice's
snuffbox's
consumptives
Olduvai
reverend's
Socorro's
evicting
bluing's
Giacometti
calliopes
mutineer's
uncover
demagnetized
prime's
taxies
acknowledgments
emboldened
fictions
fanning
vocalizes
haddock's
biannual
mirror's
shredding
biochemicals
euros
raids
legalism's
censored
canvasser
sty's
canny
Rev
complication's
précised
sitting's
excavator
spatted
booted
stonewall
hacker's
playfulness's
shelving
Freemasonry's
outdoes
Debs
vendetta's
shrews
feasting
panics
Lauren's
bullied
pavements
tirelessness
treeless
l
Job
oleomargarine's
stilt
embosses
outrage
synthesized
crackliest
deity's
flabbiness
Jainism
hemstitches
stylishness
subplot
Lorraine
snow
cowling
embezzler's
pinioned
Mohorovicic's
