Excedrin's
sago's
veracity
misrepresentations
acetates
regularize
Donaldson's
tranquillity
lampoon
thwarts
jailed
wrecker
evangelize
chiropractics
blanketed
patient
apparition
urine
Adidas's
goatherds
stipulate
vitamin's
spasmodically
nab
strew
Perot
curative's
scuttles
deteriorated
courteousness's
Ru
procreate
Greenwich's
teal's
reminisced
adornment's
Mouton's
roasted
receptionists
formalizing
shirring's
educator
pooched
rectifies
morgue's
oakum
Proterozoic
doctrinaires
Micawber
tonal
roadwork
condos
muffler
extirpation
Sheryl's
unkindest
altitude
butterflying
thinness
formulated
Talley
whelp
pollination's
boles
flow
riding
regulatory
Pavarotti
raccoons
aquaria
whit
embattled
anthology's
hightails
bridgehead's
fauna
unsound
leatherneck
hydrate
realistically
screening's
captivates
civilizing
milkshake
lummox
manicures
chillier
systematizes
dawdles
telegrams
docent's
smoker's
sterility
shallow
cheekiness
click
drilled
evasions
recursion
returnees
