dismissals
grower
intended's
defrosters
Doberman's
widower's
motto's
Lome's
readiness's
rawness
interviews
supreme
abbesses
Synge
rapports
artless
derogated
horribly
airlifted
Stirling
mileage's
Biro
Amish's
burned
stroking
cashews
gussets
sulfurous
tasters
effervescence
procrastination's
walker's
Alcindor's
Godzilla
proxy
signer
grievance's
sporing
punts
rosettes
waddled
feline
inquisition's
wallpaper
Nanjing
pianissimo
schmalzy
highjacker
aright
Nikkei
Quaternary
corrects
halving
segregated
Mercurochrome's
litigation's
bush
parsnip's
biceps
cruets
Harrods
crosier
titters
sheik
shuffle's
herbicide's
outplaying
introduces
spritz's
trampolines
Brazilians
hustler
owe
harmoniousness's
preexists
draftee's
drawback's
sanctioning
Swanson's
laundrymen
sap
Camelot
jots
dispensable
panda
pensioners
specials
trouper's
haycock's
Woodhull's
Torres
dishonesty's
words
tourmaline's
persuasive
encumbers
walling
elongation
splashy
stuffed
