cowhand's
spidery
agrees
pressman
cryogenics
Merrill's
mutually
downbeat's
Whittier
reverential
tine
subjection's
denoted
Lagos's
Bloemfontein
trusty
Davis
unintentional
discontents
mix
bantered
inscribing
rightfulness
plenipotentiary's
sequence's
sportswoman
tamarinds
Endymion
Z
asteroid
Janissary
Valeria
dyspepsia
melodiousness
reanimated
Zulu
penologist's
gesticulation's
inn
dissimulating
soaks
patriot's
championship's
festivities
hips
insaner
Rob's
passionate
unequaled
Eduardo's
knitter's
laziest
reception
Herring
Oakley
wistfulness's
southerners
terror
leper's
Freemasonry
matriculated
wriggle
fifteenths
hamlets
Concord
scrounger
Reunion
cynic
shortbread
indebtedness's
Sid's
needlework's
razzing
mockingbird
concertina's
chanter's
reapplying
lab's
mayflower
hosteled
delinquently
crisscrossing
filbert
Acropolis
corollary
milieu's
lee's
prepositions
Gap's
mulishness's
Agrippa's
busing
similarly
hindrances
agriculturalist
portions
catastrophe's
disclosure's
wizard's
edge
