hoarder
downward
Tarazed
cervices
inaction
ruffling
layperson's
Budapest's
skunked
hotheaded
Dominican's
scooted
tearing
handiness's
visualization's
blowsier
dialectic
fireplug
default
hairpin's
sidetrack
chairman's
dietician
Wodehouse's
gasohol
decongestants
comfort
periscope's
Silurian's
goddamned
misspellings
depreciate
disenchants
toothaches
enuring
Challenger's
dispensed
looter's
prospectus's
Funafuti
hinterland
inconceivable
economist's
gazpacho's
bauble's
Raoul's
ineffably
centipede's
cleverness
consumer
rummaged
pertain
Brian
twenties
liquefied
Fr's
Charleston's
disappoint
Circe's
desultory
lanky
glazier
quirks
Alan's
pop's
Elnora's
Polyhymnia
bid's
Manichean
pilaff's
ambergris's
frizz
huntresses
homewards
convalescents
panda
Gienah's
muckrakes
ember's
crook
voile
slime's
stopover
pixy's
bummed
confluent
Serrano
defective's
pungency
embellishment
oxyacetylene's
Darth's
sufferer's
ghoul's
sorrow's
suction's
intelligible
mooches
tenuous
myth's
