Grumman's
shagging
instituted
sandier
Custer
mooting
Woolongong
blooper's
Indian's
showoff
bible
mismanaging
idiot
staggering
bandier
geriatric
soufflé's
parades
Snapple's
immunity
modal
homesick
vitally
houses
dogfish
Cambodia's
doorway's
arches
gig
beautifying
Michel
cruised
prepossesses
Narcissus's
Quintilian's
appliances
weeklies
surface's
guidebooks
incompatibly
barrack's
ulceration
Jeep
thwack's
Bengal's
histrionics's
participates
epicureans
sherd's
stick's
quilters
Schedar's
Mayan's
fulfilling
appears
upgraded
sage
jeered
Sicily's
penury
flick
Aeschylus's
apathetically
stowing
diversity's
stratify
mismanage
Faulknerian
Senior
prohibited
atoll
embellishes
singsongs
harlequin's
Reid
toast's
dodoes
loaf
restorations
railed
overland
schoolboy's
lira's
staffer's
Gris
cosponsor
Southeast
gymnast
waiting
gawkily
nutrition
wattled
miens
statesman
Lilia's
berry
cashing
Canaries's
flattens
cutters
