syntactic
apricots
rebuff's
sensibility
caprice
fascinating
Katy's
Brant's
viols
claptrap
lucratively
ranch's
repents
divorcée's
McGee's
modernistic
caterer
yours
Barth
hints
ban
naturalizes
carrier
penchants
hobnail
assistance
barter's
receptiveness
serviceman
breaststroke's
Norman's
moonlighting's
herons
Nubian
Menkalinan
doldrums
enlists
removed
spiral's
harpsichords
parolee
surpasses
directory's
motorbike
honestly
Ritalin
ornithologist's
Hilary
connivance
pussyfoots
bunt's
waggling
adverbial's
steamships
Heywood
keyholes
Dooley
skein
skull's
swashbuckling
flowerbeds
reads
blinks
driest
martyrs
tourist
indent
glitch
coyly
misbehaved
billionths
dogie's
Annmarie
developer
pragmatic
gracefulness
novel
minorities
halcyon
deposits
reimposes
voucher's
complaisant
equinoctial
reply
luminosity
orate
matchstick's
oligarchies
debt
streaking
pitchmen
Weyden's
yet
aired
evangelism
Fido's
fast's
good's
Veracruz
