antiperspirants
hoarsely
lentil
broadened
systems
Wesak
obtrusiveness's
barber
Diann
mug
napalming
atheist's
signatory's
advent
Kirchner's
Sonja
Scotchman
gravest
Toto's
buglers
Sepoy
textured
escalate
imagery
Stieglitz
dishevelled
tipples
gumdrops
semiweeklies
waspish
crumbles
him's
beavered
shortcake's
humanities
Leadbelly
squaw
Gauls
leggier
coquette
Chardonnay's
t
unprovoked
miniaturize
truncheon's
slaves
excepted
refinanced
schema
leakage's
supermarket
inaugurations
Xingu
sybarite's
devilish
rhea's
insomnia's
pedestrianizes
haloed
leagued
Azana's
orthodontia
issue
byte's
who
Leary's
vacancy
hundred's
monastic's
balustrade's
flatters
Sharon
Corine's
boutonnière
recreations
mutuality's
enthralling
cars
Hus
cafés
Dedekind's
aconite's
magnolia's
cheerier
fir's
characters
slimmest
calyces
licenced
freestyle's
woodsiest
stopper
jukebox
servomechanisms
hairstylist
script's
airdrop
inhabited
grimy
bunt's
