remedy's
weekly
afterword
Gandhi's
Jul
vasts
stratosphere
foiling
nibbles
busies
quenched
underexposing
brawn's
hyena's
invincibly
pylon
vassal's
Aaliyah's
egregious
Peck's
anoint
mansards
incongruously
befriending
terser
remitting
bummer's
moonshines
racetracks
somberly
Rosa's
gauze
minstrel's
metes
wounding
cam's
homeowner's
Tswana
brocading
dill's
abaci
magistrate's
impious
gimmickry's
marathon
loses
yuccas
customs
submergence
jeweller
Elvira's
luggage's
handpick
sturgeons
showman
bedspread's
hectares
embalmed
equivocations
mezzanine
characterizes
Rocco
mulberries
Vatican
evince
adamant
raffle
champion
neckerchieves
Monaco's
arc
butcheries
miniscule's
largest
Tyler's
Bernadine's
chick's
gearing
earwig's
timer
spotty
clinch
speedier
webbing
firework
Clemson's
warns
tact's
convention's
coalescence's
explode
sweeping's
ministrant's
quality
Olympic
yeah's
xenophobia's
roost
pretence
Carl
