precipices
cutup
Athenians
bluff
headwind
charier
enfeebled
spire's
Monteverdi
obviousness
mannikin
iTunes
ounce's
wave's
biennial
Lipizzaner
Priscilla's
Wobegon
mandarins
providence
megahertz's
Fernandez's
Dalian
capsules
MacLeish
courtesans
arrival's
surpasses
equivocates
cannily
greening
cartography
solubles
Intelsat
Lilly
kinky
Ionic
munchies
avowedly
barracuda
fatality
poi's
greeting
noon
reddening
Funafuti
flimflammed
ramble's
Evan
suspect's
lusher
pickier
amplifications
sentimentality
best
Maurice
unbends
astringency
confidence's
monarchs
hubs
bantamweights
marionette
unforgivable
aspic's
wizardry's
begs
communicate
literal's
artistry
Thule
saucepans
thundercloud
Brussels's
Loafers
Lucinda
Loyd's
guess
pilling
Flintstones
tubeless
asides
adman's
electrons
wrangle
candying
tiffing
intrigue's
costed
Nigerians
extremity's
misstate
sidereal
vanity's
taming
restoration's
Kevorkian's
inveigling
previewed
perfumeries
