dislocation
battier
mongolism's
locked
Jarlsberg
jig's
skittered
schmalz's
dumfounds
monitors
flu's
cudgels
snitch's
krypton
palpation's
huskies
yokel
displaying
lumberjack
bath's
reals
dampness's
Palmolive
northwestward
slayings
synthesizes
Goudas
token's
she's
Sadr
synonyms
bypasses
tom
prepaid
amorphousness
Catalonia
immense
pathway
entrenching
smashing
glamorizing
hugs
endeavored
gymnasiums
brushes
swathe
dissing
conics
archery's
industrialism's
rightfully
commercialism's
effective
Gila's
sleepyheads
Rice
euphemisms
dissect
soakings
resale
muck
grandads
molecule's
grope's
tikes
Sabbath
dustiest
Veronica
Ru
scalpers
pebbled
firestorm's
Crystal's
vengeful
monarchical
boysenberry's
weathermen
seabed's
Phelps
adjective's
households
desolateness's
caved
triplicate's
poncho
probe
Siva's
Sauterne's
haulers
downs
Wilson's
nabob
fount
peasantry
ware
girl's
site's
fabrications
opinions
century
