therapies
megalomaniacs
goo
border's
recapitulation's
uncommitted
ammunition
insurgencies
cedes
firming
Chernobyl
Jamestown
latrine
glory
friendless
lamp's
highness
fridges
Speer's
compensates
slider
inking
terrorize
spooked
moreover
gads
scratchy
aborts
cobbling
sour's
promptings
McNaughton's
diocese
Siberian
circumflex
outpatient's
trudged
giveaways
telepathy
sellouts
dinner's
works's
ascendency's
addendums
blacked
sunbonnets
Val
megalith
intercedes
taffeta's
wardrobe
wackiness
counterweight
Rickey
coupe
abalone's
Honshu's
hoses
potency's
crossroad
dingo
comeuppances
consummate
towards
filmmaker
projections
border
soliloquizes
interface's
detonation's
tremble's
Eton
foals
knockout's
naturalist's
boasting
oxbow
hairsplitting's
observant
barracuda
duke
cudgeling
brow
retard
Alan's
usurp
Craig
pacesetters
annuals
federals
blasphemer
flatten
dogies
disillusion
Lenard's
aggravated
Harare
portal
labial's
concurrence
