tripling
Opal's
let's
carcasses
whitecaps
succeed
emasculated
crystallography
tightness
vulvas
Tishri
Bernie
perched
Saskatchewan's
equipped
surplices
grommet
affiliated
pharmacist
magnetic
unequally
sobriquet's
slams
loadstar
savory's
calmness's
uppercuts
enforcement
beat's
snoozed
Wellingtons
Nahum
tuck's
Shikoku
gargoyles
ciphered
knock
fungicidal
worsening
rioter
regulatory
familiarization's
flatiron
socket
tigers
Chiantis
Münchhausen
outmanoeuvred
Paderewski
infusions
forfeiture's
matriculation
substance
forceps
Roscoe's
specialty
gifts
handsomer
melodramatically
Janette's
consists
smart's
nowadays's
Somalians
seal's
trill
fuddle
jerky's
discontinuity
commingles
Leiden's
Ladonna
Regulus
Mackinaw
refulgence
festers
Saxon
Maiman's
baluster
presaging
playgoer
receptionist's
materialization
Baha'i
broker
abides
coverings
mavericks
hippos
libraries
multiracial
fogginess's
counterrevolution's
rat
sally's
Baywatch
grimly
churchyard's
Ganymede
balance's
