Alphard's
lacquered
transcendentalism
cameras
newsworthy
misadventure
inlays
cupsful
bovines
banking's
Irwin's
geed
smörgåsbord
catechizes
rebuff
attentiveness's
raffish
letdown's
Kazakhstan's
Visayans
sheathing
Libreville
laymen
unaided
absconding
cannonades
tragedy's
vole's
archived
Chaitanya's
crayfish's
cosigner's
misgoverns
chaperones
manifold's
monstrance's
thiamin's
MD's
crabby
discomforting
prospect
Aachen
tunneling
thumbnails
shirks
crumbs
sexton
analyzed
mob
yard's
diabetes
easygoing
wantonly
hanger's
wrens
scrounge
ensued
Maisie's
snuggle
shocks
unhinging
overhears
vileness
seceded
Coolidge
librarian
chaplain
linesman's
Dianne
crisped
model's
rawer
sector
camellias
jerky
Madeleine's
moods
polished
Mattel
allowed
postdate
Steinmetz's
swellhead's
liaise
decide
sizes
freer
corduroy
horsehide
jerked
batch's
category
descriptively
solution
minefield
Zen's
cotillion
organist
Marlin
physiotherapist's
