recondition
antiquity
comet's
Poland
palpitating
polygamists
dairyman
rosins
finely
activist
oxygen's
scrawled
mutilation
straddle
financial
carpeting's
Julius's
hiccup's
bituminous
Ike
quipping
piing
turbulence
winch's
specialization
ruminant's
ravelling
hippies
finches
expedients
whew
typescript's
curlicued
humaner
stampede's
lemonade's
infesting
barbarians
jiving
Rather
sixteenths
wintering
mandatory
pandering
pollsters
forty
Shropshire
gratifying
straightforwardly
Lenny
Winnie
patently
circlets
comma
ideologist
factionalism
pogrom
pathological
divisions
crags
Swanson
nettle
slanderous
bulged
skirting
become
soubriquet
chilled
cranny's
elevation's
spline
embarkation
races
ambiance
computer's
convulsive
segregated
surefire
craps's
mantilla
cautiously
Chopra
cottonwood
dauphin's
carnations
butt
excludes
jackrabbit
heuristics
holdups
disintegration
ransacking
rhythms
might
dinghy
spiked
parsimony
chichi's
Inuits
regime
