substation
binocular
walkway
telescoping
relaid
gill's
universal
improvidently
moor
forehand
oversteps
goats
sputter
Philly's
multivitamins
sibilants
lorry's
dealt
gimcracks
vats
alpha's
squired
item's
familiarization's
truncation's
Idaho
conglomerates
milksop's
alpaca's
yen
Jehovah's
prowl
insensible
thoraces
phonetic
determinism
connotes
substantiations
pavement's
bosun's
puzzlement's
bulb's
freelancers
his
chrome
earache's
exteriors
quoited
husbandry's
Maurine
orientation
squelch's
miller
federal
gasoline's
getup's
impediments
tidily
sending
dappling
evictions
departed's
anesthetize
photocopies
supplanted
Edison
Brigitte
gladness
psychics
paramilitary
Sulawesi's
disapprove
contrite
Manchurian
mace
continental's
gales
retches
fief's
enthralls
harps
historian's
choppiness's
thieves
dust
emptiness's
tend
martinet's
respondent's
toothpick's
Penn
granulate
nonconductors
corncob
contrive
archaic
holly's
Dewayne's
marsupial's
compressor's
