pound's
braille
Trailways's
rote
silent
toilers
harrows
minicomputer
setback
connubial
peaches
nibbling
crimping
subterranean
butchers
synthetic
monkey's
quavered
illicitly
fogged
uphold
bullfighters
Baath
gourmet
cordial
Hyperion's
coincidence's
Marriott
banner's
shantytown
Delacruz's
strategically
mahatmas
rustiest
Calvinism
Ndjamena's
musicologist
piebald's
tussle
cairn's
triptych
snowmobiling
conflict
cremate
vintage
sanitarium
GHQ's
fixing
unflinching
hoodwink
caulk's
Kaunda
extinction's
homegrown
bowman
modal
Earnhardt's
Portland
Sankara's
enfranchisement
libellous
barbs
Verna's
visual's
breezed
guile
pawed
Lynne's
jardinières
Heidelberg
toffy's
diverging
Asians
frond's
householder
readjustments
sizing
Rand
godparents
repossess
Katherine's
economics's
unprecedented
fiddly
rechecking
Lenard's
cavort
apple's
Saul's
Ashanti
cupful
skein's
Malaysian's
advisability
dossier's
knees
Casio's
missile's
glottis
hexameter
