publication's
gosling's
guile
reenlist
polestars
Ghanian
madrigal
rod
recopying
Teheran's
nursed
avionics's
restively
Triassic
Alta
chaffed
gerontologist
logjam's
lucidness's
bead
countrywomen
gestate
syntax's
backslider
blockbuster
casks
Boone's
chid
lavishing
inoffensively
pugilism's
julienne
telegraphs
wasteland's
stack
guttersnipe
sore's
imbues
innovates
Caspian
sternest
liquored
Maseru's
briskest
vicinity's
monopolized
plowing
Calliope's
consists
wimpier
accolade
Bella
belligerency
superiors
stereotyped
wreaking
enhancements
lockets
charges
virtually
liposuction
grouse's
ricochet
squelch's
airborne
whittler's
plains
crowd's
faultier
foods
Candide
aspire
cookout's
quit
japans
posy
antithetical
secretarial
roué
Leeward's
perdition
palmiest
represents
bullied
sharpens
inheres
seem
Sanford
transmission's
goblets
unintelligibly
ideas
emanates
chronometers
uncharacteristically
cheek's
ragamuffins
retreads
Marlon's
tonnes
