machismo
notoriety
pornography's
crystalized
salaamed
Merritt
cyclotrons
habituated
baring
twang's
comprehensions
drake
bony
Hammett's
petitioner
Butterfingers
untrained
designation
birthplace's
plateauing
scofflaw
plausible
Godzilla's
ampules
delineating
stories
Mauritania
seesawing
scrolled
Venetians
extremes
Manitoba's
negotiator's
doorway
detonations
shuttlecocking
flabby
McDonnell
Pynchon's
theology
tragically
Camille's
conveyers
Muller
chickpea
vivifies
tours
Passions
philanthropists
stimulate
scalper
peacock's
fondant
strikes
balsa's
stuff
flapper's
Minsk
abaft
gushing
whirl's
jugular
unscathed
Mindy's
sleepier
doctrine's
quietness's
indisposed
Steinmetz's
champing
skimming
prerecording
humanizer's
overlapping
tomb's
Ural
displaced
these
proprietresses
Vermonter's
investitures
Protestant's
spinsterhood
thesaurus
contorted
Hermite
handcraft
participles
Crookes
typographically
shaggiest
Huguenots
banisters
onomatopoeia's
sureness
brief
Masonic
Thatcher
mattered
weddings
