molehill's
Yuri
bridal
Planck
RayBan's
enforcers
shuttlecocking
abbreviates
rummy
textually
cheeriest
likeness's
Monday
breeds
exposes
speckled
cleric's
what's
reawaken
Guadeloupe's
Naphtali's
prorated
notifies
demurest
sculptured
rankle
lacerates
protestation's
whisper
bag's
conditioner's
gravity
dimwit
mortgagee
Finnish
refutes
tarrying
Cadiz's
amphitheater
wonderland's
lobster's
rogue
tasteless
boardinghouse's
spittoon's
Phelps's
enlivened
smokehouse
tangelo
Armand's
lays
bone's
hedges
officious
kitchenware
importing
passerby's
vacations
yes's
lemonade
Beardmore's
wideness
Kwanzaa's
aromas
Andre
Lucia's
maharishi
querulous
tenability
corollaries
NoDoz
schismatic's
mermen
warily
evangelicals
Croat's
penniless
stonier
comfort
boxing's
Negros
scratchiest
darn
adolescence's
Oliver
rared
Dillinger
gristliest
Bostonian
floured
reprints
Landsteiner's
nondrinkers
Litton's
emerald
extinction's
mercy
shellfishes
firmness
equability's
