retried
Lucifer's
kilometer's
roves
ambassador's
orchestrate
facetiousness's
hypothermia
ones
Kimberly's
Jolene
Desiree
royally
trouper
coifs
schnauzers
platforms
autopilots
arcs
frostbitten
elimination
morphemes
insupportable
fossilized
eiderdowns
pronouncing
aimlessness's
heartiness
acclaim's
bobbins
deceit's
municipal's
Xenia
postdated
overenthusiastic
kiloton's
sophisticates
ready
rewards
eyelet
pond
Jenner
Fuji
baked
Ticketmaster's
earful
inundation
McDonald
acquaints
betrayer's
deactivates
bluejacket
fee
specious
Yuri's
polysyllables
overwhelming
lexica
Fannie
Henrietta's
tightwads
rein's
allegiances
mangier
compasses
victim's
foghorn's
hunt's
ventilator
schoolbook's
smirch
outsell
humidors
cauliflower's
Iraq
remittance
wiggly
depriving
Sheraton
camcorders
forbids
Clemens
whirls
disharmony
unctions
churchgoer's
Deming
harvests
ravel
pinstripe's
repeal's
tunny's
gameness
homeopathic
Weinberg
Carole's
strawed
signboard
adverted
overflow
