Shevat's
percent's
Liza's
knucklehead's
expels
Vietcong
scanter
evangelist
ravaged
nemesis's
commercializes
lane's
showoff
formalizes
schwa
overkill
stargazer's
applicants
garbs
jabberer's
Utrecht
scapula
impetus
cogitation's
governor's
jingle
femurs
Janell's
bridgehead's
illegally
lurk
translucent
catholic
wholes
distill
oncology
halitosis's
Pentium
Tina
bugler's
hollow's
abandoned
wristbands
Kikuyu
exhibitor's
banished
navigable
automobile's
leeriest
hostels
conserve's
cubists
gangplank's
battiest
Satanist's
embarrassing
fascinating
snot's
guaranteeing
blackballed
Chennai's
broaches
Klondikes
randy
globetrotter's
vaporizer
Judas
petrify
prohibiting
embezzlement
Sheffield's
Sarto
Snell's
croon's
payday
jumpiness
balking
dinnered
wampum
chalkboards
reallocation
Bobby's
Srivijaya's
essentials
rashest
squarely
Georgian
doorways
truncation
glittering
llamas
LyX's
responds
studs
Aldrin
Carrillo
custard
closer
Leonard
Guayaquil
