fortnightly
hooligans
Correggio
dime's
caliber's
reenactment's
Brain's
transgressor's
basis's
toasters
impish
dauntless
Tweed
conduced
posers
idles
equalled
Praetorian
scabbard's
outsider
ligatured
manse
Tuscany
travail's
guzzlers
smash
addle
donkey's
purification's
bath's
infuse
floated
Uruguayan's
Cuvier's
catarrh
Tenochtitlan's
housebreaking
waxy
commissioned
aspired
printer
appendectomy
lavatory's
wishers
Erma
cosmetologist
solacing
facetiousness's
farther
seminarians
subtraction
Henson's
melon
desirability's
taut
optometrists
deformations
Semtex
yuppy
motorcyclists
glamourizes
speaker's
indict
racetrack's
pursed
reconstruction's
moneybags
flattop
treason's
depositors
toxicology
junks
encouragements
slugging
unconvincingly
jaw
savages
tit
stud's
establish
squat's
soiling
cups
argyle
befuddling
john
Macao
marshalled
reeve
muzzles
negating
gook's
menial
tartness's
brazen
silencers
foregone
Aeneid
bulldozing
unproved
