interlard
Hamilton
Huntington
deviltry
deaconesses
opportunists
instituted
reeks
fanciful
retraced
alkalis
patronage
bequest
turnkeys
Goth
hewer
felon
immunization
merino
sampans
outbreak's
subcompacts
Khazar's
mournfulness's
Vuitton
territories
Deborah
BM's
cheapskate's
Bonaparte
waylay
offed
mealtime's
Wendell's
Wis
fickleness
tablets
inhaler's
Pickett
frostbites
Azazel
Pennsylvanian's
trampoline
guaranty
Madrid's
octogenarian's
dissects
dissatisfies
rendering's
Northampton
separately
induction's
alkali
ballyhoos
salutary
donation
eccentrically
Oklahoma
teardrops
buttock
fashions
namesake
pinching
fauna's
biplanes
sunflower
mispronunciations
harvest
Sufi
Meyer
Dis
participial's
predisposes
population
prophesies
Sweeney's
Bert
virtuousness's
Swedish's
warranties
static
Peggy
dB
Violet
conflagration's
indignation
arable
ruddy
solace
perjuries
cockades
spunk's
quintessences
cured
superficiality's
holographs
misspelling's
absorbent
irrelevancy's
phototypesetting
