opportunity's
Cd
stolid
spending
anniversary
acquirable
jawbreaker's
aeons
ravelled
parting's
tunics
conductor's
Shanghai's
beefiest
numbness's
ironware's
robbery's
reflective
straiten
holidayed
abuses
repasts
academia
callused
diagnoses
revelation's
milieu
quadrilateral
irises
plush's
notarized
pagans
expeditions
satinwoods
cruddy
aloes
trooping
cushiest
Ken
undernourished
dictatorial
blue
decays
sweeteners
Sallie's
mortgagee
enervated
superior
Belgium's
honester
minibike's
Hallmark
enlightenment
yogi
abominated
systematically
trumping
wilfully
whimsicality
blowgun's
denture
Gamble's
freezer
pyorrhea
serviette's
encoder's
pastrami
dozes
revolution
obtrude
categorization
espies
skier's
flounder's
involvement's
loxes
leaping
sabers
patch
Bonn
He's
tobacco's
photographer's
accumulating
untwisted
staleness's
rendering's
miniscule
coked
birdseed's
caries's
proclivity's
choking
forefoot's
toasters
multiculturalism's
spikes
Sylvie's
reassemble
wheedle
